{"/home/travis/build/npmtest/node-npmtest-bunyan/test.js":{"path":"/home/travis/build/npmtest/node-npmtest-bunyan/test.js","s":{"1":2,"2":2,"3":2,"4":2,"5":2,"6":2,"7":2,"8":1,"9":2,"10":2,"11":1,"12":1,"13":1,"14":1,"15":2,"16":2,"17":2,"18":2,"19":1,"20":1,"21":2,"22":2,"23":2,"24":1,"25":1,"26":1,"27":1,"28":1,"29":1,"30":1,"31":1,"32":1,"33":1,"34":1,"35":1,"36":1,"37":1,"38":1,"39":2,"40":2,"41":1,"42":2,"43":2,"44":1,"45":2,"46":2,"47":1,"48":2,"49":2,"50":1,"51":1,"52":1,"53":1,"54":1},"b":{"1":[2,1,1,1],"2":[1,1,1,1],"3":[1,1],"4":[1,1],"5":[1,1],"6":[1,1],"7":[1,1],"8":[1,1],"9":[1,1],"10":[1,1,1],"11":[1,1],"12":[1,1],"13":[1,1],"14":[1,1],"15":[1,1],"16":[1,1],"17":[1,1]},"f":{"1":2,"2":2,"3":2,"4":2,"5":2,"6":1,"7":1,"8":1,"9":2,"10":2,"11":2,"12":2,"13":1},"fnMap":{"1":{"name":"(anonymous_1)","line":12,"loc":{"start":{"line":12,"column":1},"end":{"line":12,"column":13}}},"2":{"name":"(anonymous_2)","line":19,"loc":{"start":{"line":19,"column":5},"end":{"line":19,"column":17}}},"3":{"name":"(anonymous_3)","line":23,"loc":{"start":{"line":23,"column":24},"end":{"line":23,"column":36}}},"4":{"name":"(anonymous_4)","line":61,"loc":{"start":{"line":61,"column":5},"end":{"line":61,"column":17}}},"5":{"name":"(anonymous_5)","line":82,"loc":{"start":{"line":82,"column":5},"end":{"line":82,"column":17}}},"6":{"name":"(anonymous_6)","line":91,"loc":{"start":{"line":91,"column":77},"end":{"line":94,"column":10}}},"7":{"name":"(anonymous_7)","line":112,"loc":{"start":{"line":112,"column":83},"end":{"line":115,"column":10}},"skip":true},"8":{"name":"(anonymous_8)","line":123,"loc":{"start":{"line":123,"column":77},"end":{"line":126,"column":10}},"skip":true},"9":{"name":"(anonymous_9)","line":139,"loc":{"start":{"line":139,"column":12},"end":{"line":139,"column":40}},"skip":true},"10":{"name":"(anonymous_10)","line":147,"loc":{"start":{"line":147,"column":77},"end":{"line":150,"column":10}},"skip":true},"11":{"name":"(anonymous_11)","line":158,"loc":{"start":{"line":158,"column":83},"end":{"line":161,"column":10}},"skip":true},"12":{"name":"(anonymous_12)","line":169,"loc":{"start":{"line":169,"column":79},"end":{"line":172,"column":10}},"skip":true},"13":{"name":"(anonymous_13)","line":180,"loc":{"start":{"line":180,"column":75},"end":{"line":183,"column":10}},"skip":true}},"statementMap":{"1":{"start":{"line":12,"column":0},"end":{"line":195,"column":5}},"2":{"start":{"line":14,"column":4},"end":{"line":14,"column":14}},"3":{"start":{"line":19,"column":4},"end":{"line":56,"column":9}},"4":{"start":{"line":21,"column":8},"end":{"line":21,"column":19}},"5":{"start":{"line":23,"column":8},"end":{"line":35,"column":13}},"6":{"start":{"line":24,"column":12},"end":{"line":34,"column":13}},"7":{"start":{"line":25,"column":16},"end":{"line":28,"column":30}},"8":{"start":{"line":30,"column":16},"end":{"line":33,"column":27}},"9":{"start":{"line":37,"column":8},"end":{"line":39,"column":21}},"10":{"start":{"line":40,"column":8},"end":{"line":53,"column":9}},"11":{"start":{"line":43,"column":12},"end":{"line":46,"column":14}},"12":{"start":{"line":47,"column":12},"end":{"line":47,"column":18}},"13":{"start":{"line":50,"column":12},"end":{"line":51,"column":33}},"14":{"start":{"line":52,"column":12},"end":{"line":52,"column":18}},"15":{"start":{"line":55,"column":8},"end":{"line":55,"column":35}},"16":{"start":{"line":61,"column":4},"end":{"line":63,"column":9}},"17":{"start":{"line":62,"column":8},"end":{"line":62,"column":15}},"18":{"start":{"line":64,"column":4},"end":{"line":77,"column":5}},"19":{"start":{"line":70,"column":8},"end":{"line":70,"column":14}},"20":{"start":{"line":76,"column":8},"end":{"line":76,"column":14}},"21":{"start":{"line":82,"column":4},"end":{"line":84,"column":9}},"22":{"start":{"line":83,"column":8},"end":{"line":83,"column":15}},"23":{"start":{"line":85,"column":4},"end":{"line":194,"column":5}},"24":{"start":{"line":91,"column":8},"end":{"line":99,"column":10}},"25":{"start":{"line":98,"column":12},"end":{"line":98,"column":35}},"26":{"start":{"line":102,"column":8},"end":{"line":104,"column":63}},"27":{"start":{"line":105,"column":8},"end":{"line":105,"column":14}},"28":{"start":{"line":112,"column":8},"end":{"line":121,"column":10},"skip":true},"29":{"start":{"line":119,"column":12},"end":{"line":119,"column":55},"skip":true},"30":{"start":{"line":120,"column":12},"end":{"line":120,"column":48},"skip":true},"31":{"start":{"line":123,"column":8},"end":{"line":136,"column":10},"skip":true},"32":{"start":{"line":130,"column":12},"end":{"line":130,"column":76},"skip":true},"33":{"start":{"line":131,"column":12},"end":{"line":131,"column":73},"skip":true},"34":{"start":{"line":132,"column":12},"end":{"line":132,"column":74},"skip":true},"35":{"start":{"line":133,"column":12},"end":{"line":133,"column":79},"skip":true},"36":{"start":{"line":134,"column":12},"end":{"line":134,"column":25},"skip":true},"37":{"start":{"line":135,"column":12},"end":{"line":135,"column":45},"skip":true},"38":{"start":{"line":138,"column":8},"end":{"line":145,"column":14},"skip":true},"39":{"start":{"line":143,"column":16},"end":{"line":143,"column":29},"skip":true},"40":{"start":{"line":144,"column":16},"end":{"line":144,"column":55},"skip":true},"41":{"start":{"line":147,"column":8},"end":{"line":156,"column":10},"skip":true},"42":{"start":{"line":154,"column":12},"end":{"line":154,"column":25},"skip":true},"43":{"start":{"line":155,"column":12},"end":{"line":155,"column":45},"skip":true},"44":{"start":{"line":158,"column":8},"end":{"line":167,"column":10},"skip":true},"45":{"start":{"line":165,"column":12},"end":{"line":165,"column":25},"skip":true},"46":{"start":{"line":166,"column":12},"end":{"line":166,"column":48},"skip":true},"47":{"start":{"line":169,"column":8},"end":{"line":178,"column":10},"skip":true},"48":{"start":{"line":176,"column":12},"end":{"line":176,"column":25},"skip":true},"49":{"start":{"line":177,"column":12},"end":{"line":177,"column":46},"skip":true},"50":{"start":{"line":180,"column":8},"end":{"line":189,"column":10},"skip":true},"51":{"start":{"line":187,"column":12},"end":{"line":187,"column":94},"skip":true},"52":{"start":{"line":188,"column":12},"end":{"line":188,"column":48},"skip":true},"53":{"start":{"line":192,"column":8},"end":{"line":192,"column":35},"skip":true},"54":{"start":{"line":193,"column":8},"end":{"line":193,"column":14},"skip":true}},"branchMap":{"1":{"line":25,"type":"binary-expr","locations":[{"start":{"line":25,"column":23},"end":{"line":25,"column":62}},{"start":{"line":26,"column":20},"end":{"line":26,"column":70}},{"start":{"line":27,"column":20},"end":{"line":27,"column":71}},{"start":{"line":28,"column":20},"end":{"line":28,"column":29}}]},"2":{"line":30,"type":"binary-expr","locations":[{"start":{"line":30,"column":23},"end":{"line":30,"column":37}},{"start":{"line":31,"column":20},"end":{"line":31,"column":61}},{"start":{"line":32,"column":20},"end":{"line":32,"column":70}},{"start":{"line":33,"column":20},"end":{"line":33,"column":26}}]},"3":{"line":37,"type":"cond-expr","locations":[{"start":{"line":38,"column":14},"end":{"line":38,"column":20}},{"start":{"line":39,"column":14},"end":{"line":39,"column":20}}]},"4":{"line":40,"type":"switch","locations":[{"start":{"line":42,"column":8},"end":{"line":47,"column":18}},{"start":{"line":49,"column":8},"end":{"line":52,"column":18}}]},"5":{"line":44,"type":"binary-expr","locations":[{"start":{"line":44,"column":16},"end":{"line":44,"column":44}},{"start":{"line":44,"column":48},"end":{"line":44,"column":66}}]},"6":{"line":50,"type":"binary-expr","locations":[{"start":{"line":50,"column":21},"end":{"line":50,"column":49}},{"start":{"line":50,"column":53},"end":{"line":50,"column":72}}]},"7":{"line":64,"type":"switch","locations":[{"start":{"line":69,"column":4},"end":{"line":70,"column":14}},{"start":{"line":75,"column":4},"end":{"line":76,"column":14}}]},"8":{"line":85,"type":"switch","locations":[{"start":{"line":90,"column":4},"end":{"line":105,"column":14}},{"start":{"line":111,"column":4},"end":{"line":193,"column":14},"skip":true}]},"9":{"line":91,"type":"binary-expr","locations":[{"start":{"line":91,"column":42},"end":{"line":91,"column":73}},{"start":{"line":91,"column":77},"end":{"line":99,"column":9}}]},"10":{"line":102,"type":"binary-expr","locations":[{"start":{"line":102,"column":18},"end":{"line":102,"column":32}},{"start":{"line":103,"column":12},"end":{"line":103,"column":53}},{"start":{"line":104,"column":12},"end":{"line":104,"column":61}}]},"11":{"line":112,"type":"binary-expr","locations":[{"start":{"line":112,"column":45},"end":{"line":112,"column":79},"skip":true},{"start":{"line":112,"column":83},"end":{"line":121,"column":9},"skip":true}]},"12":{"line":123,"type":"binary-expr","locations":[{"start":{"line":123,"column":42},"end":{"line":123,"column":73},"skip":true},{"start":{"line":123,"column":77},"end":{"line":136,"column":9},"skip":true}]},"13":{"line":138,"type":"binary-expr","locations":[{"start":{"line":138,"column":48},"end":{"line":138,"column":85},"skip":true},{"start":{"line":139,"column":12},"end":{"line":145,"column":13},"skip":true}]},"14":{"line":147,"type":"binary-expr","locations":[{"start":{"line":147,"column":42},"end":{"line":147,"column":73},"skip":true},{"start":{"line":147,"column":77},"end":{"line":156,"column":9},"skip":true}]},"15":{"line":158,"type":"binary-expr","locations":[{"start":{"line":158,"column":45},"end":{"line":158,"column":79},"skip":true},{"start":{"line":158,"column":83},"end":{"line":167,"column":9},"skip":true}]},"16":{"line":169,"type":"binary-expr","locations":[{"start":{"line":169,"column":43},"end":{"line":169,"column":75},"skip":true},{"start":{"line":169,"column":79},"end":{"line":178,"column":9},"skip":true}]},"17":{"line":180,"type":"binary-expr","locations":[{"start":{"line":180,"column":41},"end":{"line":180,"column":71},"skip":true},{"start":{"line":180,"column":75},"end":{"line":189,"column":9},"skip":true}]}},"code":["/* istanbul instrument in package npmtest_bunyan */","/*jslint","    bitwise: true,","    browser: true,","    maxerr: 8,","    maxlen: 96,","    node: true,","    nomen: true,","    regexp: true,","    stupid: true","*/","(function () {","    'use strict';","    var local;","","","","    // run shared js-env code - init-before","    (function () {","        // init local","        local = {};","        // init modeJs","        local.modeJs = (function () {","            try {","                return typeof navigator.userAgent === 'string' &&","                    typeof document.querySelector('body') === 'object' &&","                    typeof XMLHttpRequest.prototype.open === 'function' &&","                    'browser';","            } catch (errorCaughtBrowser) {","                return module.exports &&","                    typeof process.versions.node === 'string' &&","                    typeof require('http').createServer === 'function' &&","                    'node';","            }","        }());","        // init global","        local.global = local.modeJs === 'browser'","            ? window","            : global;","        switch (local.modeJs) {","        // re-init local from window.local","        case 'browser':","            local = local.global.utility2.objectSetDefault(","                local.global.utility2_rollup || local.global.local,","                local.global.utility2","            );","            break;","        // re-init local from example.js","        case 'node':","            local = (local.global.utility2_rollup || require('utility2'))","                .requireReadme();","            break;","        }","        // export local","        local.global.local = local;","    }());","","","","    // run shared js-env code - function","    (function () {","        return;","    }());","    switch (local.modeJs) {","","","","    // run browser js-env code - function","    case 'browser':","        break;","","","","    // run node js-env code - function","    case 'node':","        break;","    }","","","","    // run shared js-env code - init-after","    (function () {","        return;","    }());","    switch (local.modeJs) {","","","","    // run browser js-env code - init-after","    case 'browser':","        local.testCase_browser_nullCase = local.testCase_browser_nullCase || function (","            options,","            onError","        ) {","        /*","         * this function will test browsers's null-case handling-behavior-behavior","         */","            onError(null, options);","        };","","        // run tests","        local.nop(local.modeTest &&","            document.querySelector('#testRunButton1') &&","            document.querySelector('#testRunButton1').click());","        break;","","","","    // run node js-env code - init-after","    /* istanbul ignore next */","    case 'node':","        local.testCase_buildApidoc_default = local.testCase_buildApidoc_default || function (","            options,","            onError","        ) {","        /*","         * this function will test buildApidoc's default handling-behavior-behavior","         */","            options = { modulePathList: module.paths };","            local.buildApidoc(options, onError);","        };","","        local.testCase_buildApp_default = local.testCase_buildApp_default || function (","            options,","            onError","        ) {","        /*","         * this function will test buildApp's default handling-behavior-behavior","         */","            local.testCase_buildReadme_default(options, local.onErrorThrow);","            local.testCase_buildLib_default(options, local.onErrorThrow);","            local.testCase_buildTest_default(options, local.onErrorThrow);","            local.testCase_buildCustomOrg_default(options, local.onErrorThrow);","            options = [];","            local.buildApp(options, onError);","        };","","        local.testCase_buildCustomOrg_default = local.testCase_buildCustomOrg_default ||","            function (options, onError) {","            /*","             * this function will test buildCustomOrg's default handling-behavior","             */","                options = {};","                local.buildCustomOrg(options, onError);","            };","","        local.testCase_buildLib_default = local.testCase_buildLib_default || function (","            options,","            onError","        ) {","        /*","         * this function will test buildLib's default handling-behavior","         */","            options = {};","            local.buildLib(options, onError);","        };","","        local.testCase_buildReadme_default = local.testCase_buildReadme_default || function (","            options,","            onError","        ) {","        /*","         * this function will test buildReadme's default handling-behavior-behavior","         */","            options = {};","            local.buildReadme(options, onError);","        };","","        local.testCase_buildTest_default = local.testCase_buildTest_default || function (","            options,","            onError","        ) {","        /*","         * this function will test buildTest's default handling-behavior","         */","            options = {};","            local.buildTest(options, onError);","        };","","        local.testCase_webpage_default = local.testCase_webpage_default || function (","            options,","            onError","        ) {","        /*","         * this function will test webpage's default handling-behavior","         */","            options = { modeCoverageMerge: true, url: local.serverLocalHost + '?modeTest=1' };","            local.browserTest(options, onError);","        };","","        // run test-server","        local.testRunServer(local);","        break;","    }","}());",""],"l":{"12":2,"14":2,"19":2,"21":2,"23":2,"24":2,"25":2,"30":1,"37":2,"40":2,"43":1,"47":1,"50":1,"52":1,"55":2,"61":2,"62":2,"64":2,"70":1,"76":1,"82":2,"83":2,"85":2,"91":1,"98":1,"102":1,"105":1,"112":1,"119":1,"120":1,"123":1,"130":1,"131":1,"132":1,"133":1,"134":1,"135":1,"138":1,"143":2,"144":2,"147":1,"154":2,"155":2,"158":1,"165":2,"166":2,"169":1,"176":2,"177":2,"180":1,"187":1,"188":1,"192":1,"193":1}},"/home/travis/build/npmtest/node-npmtest-bunyan/lib.npmtest_bunyan.js":{"path":"/home/travis/build/npmtest/node-npmtest-bunyan/lib.npmtest_bunyan.js","s":{"1":2,"2":2,"3":2,"4":2,"5":2,"6":2,"7":2,"8":1,"9":2,"10":2,"11":2,"12":2,"13":1,"14":1,"15":1,"16":1},"b":{"1":[2,1,1,1],"2":[1,1,1,1],"3":[1,1],"4":[2,2],"5":[1,1]},"f":{"1":2,"2":2,"3":2},"fnMap":{"1":{"name":"(anonymous_1)","line":12,"loc":{"start":{"line":12,"column":1},"end":{"line":12,"column":13}}},"2":{"name":"(anonymous_2)","line":19,"loc":{"start":{"line":19,"column":5},"end":{"line":19,"column":17}}},"3":{"name":"(anonymous_3)","line":23,"loc":{"start":{"line":23,"column":24},"end":{"line":23,"column":36}}}},"statementMap":{"1":{"start":{"line":12,"column":0},"end":{"line":53,"column":5}},"2":{"start":{"line":14,"column":4},"end":{"line":14,"column":14}},"3":{"start":{"line":19,"column":4},"end":{"line":52,"column":9}},"4":{"start":{"line":21,"column":8},"end":{"line":21,"column":19}},"5":{"start":{"line":23,"column":8},"end":{"line":35,"column":13}},"6":{"start":{"line":24,"column":12},"end":{"line":34,"column":13}},"7":{"start":{"line":25,"column":16},"end":{"line":28,"column":30}},"8":{"start":{"line":30,"column":16},"end":{"line":33,"column":27}},"9":{"start":{"line":37,"column":8},"end":{"line":39,"column":21}},"10":{"start":{"line":41,"column":8},"end":{"line":41,"column":54}},"11":{"start":{"line":43,"column":8},"end":{"line":43,"column":51}},"12":{"start":{"line":45,"column":8},"end":{"line":51,"column":9}},"13":{"start":{"line":46,"column":12},"end":{"line":46,"column":57}},"14":{"start":{"line":48,"column":12},"end":{"line":48,"column":35}},"15":{"start":{"line":49,"column":12},"end":{"line":49,"column":49}},"16":{"start":{"line":50,"column":12},"end":{"line":50,"column":43}}},"branchMap":{"1":{"line":25,"type":"binary-expr","locations":[{"start":{"line":25,"column":23},"end":{"line":25,"column":62}},{"start":{"line":26,"column":20},"end":{"line":26,"column":70}},{"start":{"line":27,"column":20},"end":{"line":27,"column":71}},{"start":{"line":28,"column":20},"end":{"line":28,"column":29}}]},"2":{"line":30,"type":"binary-expr","locations":[{"start":{"line":30,"column":23},"end":{"line":30,"column":37}},{"start":{"line":31,"column":20},"end":{"line":31,"column":61}},{"start":{"line":32,"column":20},"end":{"line":32,"column":70}},{"start":{"line":33,"column":20},"end":{"line":33,"column":26}}]},"3":{"line":37,"type":"cond-expr","locations":[{"start":{"line":38,"column":14},"end":{"line":38,"column":20}},{"start":{"line":39,"column":14},"end":{"line":39,"column":20}}]},"4":{"line":41,"type":"binary-expr","locations":[{"start":{"line":41,"column":16},"end":{"line":41,"column":44}},{"start":{"line":41,"column":48},"end":{"line":41,"column":53}}]},"5":{"line":45,"type":"if","locations":[{"start":{"line":45,"column":8},"end":{"line":45,"column":8}},{"start":{"line":45,"column":8},"end":{"line":45,"column":8}}]}},"code":["/* istanbul instrument in package npmtest_bunyan */","/*jslint","    bitwise: true,","    browser: true,","    maxerr: 8,","    maxlen: 96,","    node: true,","    nomen: true,","    regexp: true,","    stupid: true","*/","(function () {","    'use strict';","    var local;","","","","    // run shared js-env code - init-before","    (function () {","        // init local","        local = {};","        // init modeJs","        local.modeJs = (function () {","            try {","                return typeof navigator.userAgent === 'string' &&","                    typeof document.querySelector('body') === 'object' &&","                    typeof XMLHttpRequest.prototype.open === 'function' &&","                    'browser';","            } catch (errorCaughtBrowser) {","                return module.exports &&","                    typeof process.versions.node === 'string' &&","                    typeof require('http').createServer === 'function' &&","                    'node';","            }","        }());","        // init global","        local.global = local.modeJs === 'browser'","            ? window","            : global;","        // init utility2_rollup","        local = local.global.utility2_rollup || local;","        // init lib","        local.local = local.npmtest_bunyan = local;","        // init exports","        if (local.modeJs === 'browser') {","            local.global.utility2_npmtest_bunyan = local;","        } else {","            module.exports = local;","            module.exports.__dirname = __dirname;","            module.exports.module = module;","        }","    }());","}());",""],"l":{"12":2,"14":2,"19":2,"21":2,"23":2,"24":2,"25":2,"30":1,"37":2,"41":2,"43":2,"45":2,"46":1,"48":1,"49":1,"50":1}},"/home/travis/build/npmtest/node-npmtest-bunyan/example.js":{"path":"/home/travis/build/npmtest/node-npmtest-bunyan/example.js","s":{"1":2,"2":2,"3":2,"4":2,"5":2,"6":2,"7":2,"8":1,"9":2,"10":2,"11":2,"12":2,"13":1,"14":2,"15":2,"16":2,"17":2,"18":2,"19":0,"20":2,"21":1,"22":1,"23":1,"24":1,"25":1,"26":0,"27":0,"28":1,"29":1,"30":2,"31":0,"32":0,"33":0,"34":1,"35":2,"36":2,"37":3,"38":3,"39":3,"40":3,"41":0,"42":3,"43":3,"44":3,"45":1,"46":3,"47":1,"48":1,"49":1,"50":1,"51":1,"52":1,"53":1,"54":1,"55":1,"56":1,"57":0,"58":1,"59":6,"60":6,"61":1,"62":2,"63":0,"64":2,"65":1,"66":1,"67":0,"68":0,"69":0,"70":0,"71":0,"72":0,"73":0,"74":0,"75":0,"76":0,"77":0,"78":0,"79":0,"80":0,"81":0,"82":0,"83":0},"b":{"1":[2,1,1,1],"2":[1,1,1,1],"3":[1,1],"4":[2,2],"5":[1,1],"6":[1,1],"7":[2,0],"8":[2,1,1,1,1,1],"9":[0,2,0],"10":[1,1],"11":[2,1,1],"12":[1,0],"13":[0,2],"14":[2,0,0,0,0,0,0],"15":[0,3],"16":[3,0],"17":[1,1],"18":[0,1],"19":[1,2,0,2],"20":[1,0],"21":[1,1],"22":[0,0],"23":[0,0],"24":[0,0],"25":[0,0],"26":[0,0],"27":[0,0],"28":[0,0]},"f":{"1":2,"2":2,"3":2,"4":2,"5":2,"6":2,"7":3,"8":3,"9":3,"10":1,"11":6,"12":0},"fnMap":{"1":{"name":"(anonymous_1)","line":26,"loc":{"start":{"line":26,"column":1},"end":{"line":26,"column":13}}},"2":{"name":"(anonymous_2)","line":33,"loc":{"start":{"line":33,"column":5},"end":{"line":33,"column":17}}},"3":{"name":"(anonymous_3)","line":37,"loc":{"start":{"line":37,"column":24},"end":{"line":37,"column":36}}},"4":{"name":"(anonymous_4)","line":69,"loc":{"start":{"line":69,"column":31},"end":{"line":69,"column":48}},"skip":true},"5":{"name":"(anonymous_5)","line":78,"loc":{"start":{"line":78,"column":26},"end":{"line":78,"column":45}},"skip":true},"6":{"name":"(anonymous_6)","line":123,"loc":{"start":{"line":123,"column":33},"end":{"line":123,"column":48}},"skip":true},"7":{"name":"(anonymous_7)","line":125,"loc":{"start":{"line":125,"column":27},"end":{"line":125,"column":39}},"skip":true},"8":{"name":"(anonymous_8)","line":133,"loc":{"start":{"line":133,"column":59},"end":{"line":133,"column":74}},"skip":true},"9":{"name":"(anonymous_9)","line":143,"loc":{"start":{"line":143,"column":45},"end":{"line":143,"column":62}},"skip":true},"10":{"name":"(anonymous_10)","line":144,"loc":{"start":{"line":144,"column":73},"end":{"line":144,"column":92}},"skip":true},"11":{"name":"(anonymous_11)","line":272,"loc":{"start":{"line":272,"column":51},"end":{"line":272,"column":77}},"skip":true},"12":{"name":"(anonymous_12)","line":315,"loc":{"start":{"line":315,"column":32},"end":{"line":315,"column":61}},"skip":true}},"statementMap":{"1":{"start":{"line":26,"column":0},"end":{"line":326,"column":5}},"2":{"start":{"line":28,"column":4},"end":{"line":28,"column":14}},"3":{"start":{"line":33,"column":4},"end":{"line":60,"column":9}},"4":{"start":{"line":35,"column":8},"end":{"line":35,"column":19}},"5":{"start":{"line":37,"column":8},"end":{"line":49,"column":13}},"6":{"start":{"line":38,"column":12},"end":{"line":48,"column":13}},"7":{"start":{"line":39,"column":16},"end":{"line":42,"column":30}},"8":{"start":{"line":44,"column":16},"end":{"line":47,"column":27}},"9":{"start":{"line":51,"column":8},"end":{"line":53,"column":21}},"10":{"start":{"line":55,"column":8},"end":{"line":57,"column":45}},"11":{"start":{"line":59,"column":8},"end":{"line":59,"column":35}},"12":{"start":{"line":61,"column":4},"end":{"line":325,"column":5}},"13":{"start":{"line":69,"column":8},"end":{"line":121,"column":10},"skip":true},"14":{"start":{"line":70,"column":12},"end":{"line":88,"column":13},"skip":true},"15":{"start":{"line":76,"column":16},"end":{"line":87,"column":19},"skip":true},"16":{"start":{"line":79,"column":20},"end":{"line":86,"column":21},"skip":true},"17":{"start":{"line":82,"column":24},"end":{"line":82,"column":43},"skip":true},"18":{"start":{"line":83,"column":24},"end":{"line":83,"column":30},"skip":true},"19":{"start":{"line":85,"column":24},"end":{"line":85,"column":49},"skip":true},"20":{"start":{"line":89,"column":12},"end":{"line":107,"column":13},"skip":true},"21":{"start":{"line":92,"column":16},"end":{"line":102,"column":17},"skip":true},"22":{"start":{"line":93,"column":20},"end":{"line":93,"column":86},"skip":true},"23":{"start":{"line":94,"column":20},"end":{"line":95,"column":45},"skip":true},"24":{"start":{"line":96,"column":20},"end":{"line":96,"column":42},"skip":true},"25":{"start":{"line":97,"column":20},"end":{"line":97,"column":48},"skip":true},"26":{"start":{"line":100,"column":20},"end":{"line":100,"column":85},"skip":true},"27":{"start":{"line":101,"column":20},"end":{"line":101,"column":96},"skip":true},"28":{"start":{"line":103,"column":16},"end":{"line":103,"column":22},"skip":true},"29":{"start":{"line":106,"column":16},"end":{"line":106,"column":22},"skip":true},"30":{"start":{"line":108,"column":12},"end":{"line":120,"column":13},"skip":true},"31":{"start":{"line":114,"column":16},"end":{"line":119,"column":17},"skip":true},"32":{"start":{"line":116,"column":20},"end":{"line":116,"column":78},"skip":true},"33":{"start":{"line":118,"column":20},"end":{"line":118,"column":47},"skip":true},"34":{"start":{"line":123,"column":8},"end":{"line":141,"column":11},"skip":true},"35":{"start":{"line":124,"column":12},"end":{"line":124,"column":54},"skip":true},"36":{"start":{"line":125,"column":12},"end":{"line":140,"column":14},"skip":true},"37":{"start":{"line":126,"column":16},"end":{"line":126,"column":28},"skip":true},"38":{"start":{"line":127,"column":16},"end":{"line":127,"column":69},"skip":true},"39":{"start":{"line":128,"column":16},"end":{"line":128,"column":75},"skip":true},"40":{"start":{"line":129,"column":16},"end":{"line":131,"column":17},"skip":true},"41":{"start":{"line":130,"column":20},"end":{"line":130,"column":27},"skip":true},"42":{"start":{"line":133,"column":16},"end":{"line":137,"column":36},"skip":true},"43":{"start":{"line":134,"column":20},"end":{"line":136,"column":55},"skip":true},"44":{"start":{"line":139,"column":16},"end":{"line":139,"column":57},"skip":true},"45":{"start":{"line":143,"column":8},"end":{"line":147,"column":11},"skip":true},"46":{"start":{"line":144,"column":12},"end":{"line":146,"column":15},"skip":true},"47":{"start":{"line":145,"column":16},"end":{"line":145,"column":70},"skip":true},"48":{"start":{"line":149,"column":8},"end":{"line":149,"column":31},"skip":true},"49":{"start":{"line":150,"column":8},"end":{"line":150,"column":14},"skip":true},"50":{"start":{"line":158,"column":8},"end":{"line":158,"column":31},"skip":true},"51":{"start":{"line":160,"column":8},"end":{"line":160,"column":33},"skip":true},"52":{"start":{"line":161,"column":8},"end":{"line":161,"column":37},"skip":true},"53":{"start":{"line":162,"column":8},"end":{"line":162,"column":35},"skip":true},"54":{"start":{"line":164,"column":8},"end":{"line":164,"column":50},"skip":true},"55":{"start":{"line":166,"column":8},"end":{"line":256,"column":2},"skip":true},"56":{"start":{"line":258,"column":8},"end":{"line":286,"column":9},"skip":true},"57":{"start":{"line":259,"column":12},"end":{"line":269,"column":14},"skip":true},"58":{"start":{"line":271,"column":12},"end":{"line":285,"column":19},"skip":true},"59":{"start":{"line":274,"column":20},"end":{"line":274,"column":35},"skip":true},"60":{"start":{"line":275,"column":20},"end":{"line":284,"column":21},"skip":true},"61":{"start":{"line":277,"column":24},"end":{"line":277,"column":64},"skip":true},"62":{"start":{"line":279,"column":24},"end":{"line":279,"column":40},"skip":true},"63":{"start":{"line":281,"column":24},"end":{"line":281,"column":40},"skip":true},"64":{"start":{"line":283,"column":24},"end":{"line":283,"column":39},"skip":true},"65":{"start":{"line":288,"column":8},"end":{"line":290,"column":9},"skip":true},"66":{"start":{"line":289,"column":12},"end":{"line":289,"column":18},"skip":true},"67":{"start":{"line":291,"column":8},"end":{"line":293,"column":54},"skip":true},"68":{"start":{"line":296,"column":8},"end":{"line":301,"column":37},"skip":true},"69":{"start":{"line":303,"column":8},"end":{"line":303,"column":82},"skip":true},"70":{"start":{"line":306,"column":8},"end":{"line":308,"column":9},"skip":true},"71":{"start":{"line":307,"column":12},"end":{"line":307,"column":82},"skip":true},"72":{"start":{"line":310,"column":8},"end":{"line":312,"column":9},"skip":true},"73":{"start":{"line":311,"column":12},"end":{"line":311,"column":18},"skip":true},"74":{"start":{"line":313,"column":8},"end":{"line":313,"column":54},"skip":true},"75":{"start":{"line":314,"column":8},"end":{"line":314,"column":69},"skip":true},"76":{"start":{"line":315,"column":8},"end":{"line":323,"column":36},"skip":true},"77":{"start":{"line":316,"column":12},"end":{"line":316,"column":61},"skip":true},"78":{"start":{"line":317,"column":12},"end":{"line":320,"column":13},"skip":true},"79":{"start":{"line":318,"column":16},"end":{"line":318,"column":75},"skip":true},"80":{"start":{"line":319,"column":16},"end":{"line":319,"column":23},"skip":true},"81":{"start":{"line":321,"column":12},"end":{"line":321,"column":38},"skip":true},"82":{"start":{"line":322,"column":12},"end":{"line":322,"column":27},"skip":true},"83":{"start":{"line":324,"column":8},"end":{"line":324,"column":14},"skip":true}},"branchMap":{"1":{"line":39,"type":"binary-expr","locations":[{"start":{"line":39,"column":23},"end":{"line":39,"column":62}},{"start":{"line":40,"column":20},"end":{"line":40,"column":70}},{"start":{"line":41,"column":20},"end":{"line":41,"column":71}},{"start":{"line":42,"column":20},"end":{"line":42,"column":29}}]},"2":{"line":44,"type":"binary-expr","locations":[{"start":{"line":44,"column":23},"end":{"line":44,"column":37}},{"start":{"line":45,"column":20},"end":{"line":45,"column":61}},{"start":{"line":46,"column":20},"end":{"line":46,"column":70}},{"start":{"line":47,"column":20},"end":{"line":47,"column":26}}]},"3":{"line":51,"type":"cond-expr","locations":[{"start":{"line":52,"column":14},"end":{"line":52,"column":20}},{"start":{"line":53,"column":14},"end":{"line":53,"column":20}}]},"4":{"line":55,"type":"binary-expr","locations":[{"start":{"line":55,"column":16},"end":{"line":55,"column":44}},{"start":{"line":55,"column":49},"end":{"line":57,"column":43}}]},"5":{"line":55,"type":"cond-expr","locations":[{"start":{"line":56,"column":14},"end":{"line":56,"column":50}},{"start":{"line":57,"column":14},"end":{"line":57,"column":43}}]},"6":{"line":61,"type":"switch","locations":[{"start":{"line":68,"column":4},"end":{"line":150,"column":14},"skip":true},{"start":{"line":156,"column":4},"end":{"line":324,"column":14},"skip":true}]},"7":{"line":70,"type":"if","locations":[{"start":{"line":70,"column":12},"end":{"line":70,"column":12},"skip":true},{"start":{"line":70,"column":12},"end":{"line":70,"column":12},"skip":true}]},"8":{"line":70,"type":"binary-expr","locations":[{"start":{"line":70,"column":16},"end":{"line":70,"column":22},"skip":true},{"start":{"line":70,"column":27},"end":{"line":70,"column":32},"skip":true},{"start":{"line":71,"column":20},"end":{"line":71,"column":39},"skip":true},{"start":{"line":72,"column":20},"end":{"line":72,"column":49},"skip":true},{"start":{"line":73,"column":20},"end":{"line":73,"column":58},"skip":true},{"start":{"line":74,"column":20},"end":{"line":74,"column":69},"skip":true}]},"9":{"line":79,"type":"switch","locations":[{"start":{"line":80,"column":20},"end":{"line":80,"column":33},"skip":true},{"start":{"line":81,"column":20},"end":{"line":83,"column":30},"skip":true},{"start":{"line":84,"column":20},"end":{"line":85,"column":49},"skip":true}]},"10":{"line":89,"type":"switch","locations":[{"start":{"line":90,"column":12},"end":{"line":103,"column":22},"skip":true},{"start":{"line":105,"column":12},"end":{"line":106,"column":22},"skip":true}]},"11":{"line":89,"type":"binary-expr","locations":[{"start":{"line":89,"column":20},"end":{"line":89,"column":25},"skip":true},{"start":{"line":89,"column":29},"end":{"line":89,"column":48},"skip":true},{"start":{"line":89,"column":52},"end":{"line":89,"column":74},"skip":true}]},"12":{"line":92,"type":"if","locations":[{"start":{"line":92,"column":16},"end":{"line":92,"column":16},"skip":true},{"start":{"line":92,"column":16},"end":{"line":92,"column":16},"skip":true}]},"13":{"line":108,"type":"if","locations":[{"start":{"line":108,"column":12},"end":{"line":108,"column":12},"skip":true},{"start":{"line":108,"column":12},"end":{"line":108,"column":12},"skip":true}]},"14":{"line":108,"type":"binary-expr","locations":[{"start":{"line":108,"column":16},"end":{"line":108,"column":61},"skip":true},{"start":{"line":108,"column":66},"end":{"line":108,"column":72},"skip":true},{"start":{"line":108,"column":77},"end":{"line":108,"column":82},"skip":true},{"start":{"line":109,"column":20},"end":{"line":109,"column":39},"skip":true},{"start":{"line":110,"column":20},"end":{"line":110,"column":49},"skip":true},{"start":{"line":111,"column":20},"end":{"line":111,"column":58},"skip":true},{"start":{"line":112,"column":20},"end":{"line":112,"column":68},"skip":true}]},"15":{"line":129,"type":"if","locations":[{"start":{"line":129,"column":16},"end":{"line":129,"column":16},"skip":true},{"start":{"line":129,"column":16},"end":{"line":129,"column":16},"skip":true}]},"16":{"line":134,"type":"cond-expr","locations":[{"start":{"line":135,"column":26},"end":{"line":135,"column":29},"skip":true},{"start":{"line":136,"column":26},"end":{"line":136,"column":54},"skip":true}]},"17":{"line":164,"type":"binary-expr","locations":[{"start":{"line":164,"column":27},"end":{"line":164,"column":43},"skip":true},{"start":{"line":164,"column":47},"end":{"line":164,"column":49},"skip":true}]},"18":{"line":258,"type":"if","locations":[{"start":{"line":258,"column":8},"end":{"line":258,"column":8},"skip":true},{"start":{"line":258,"column":8},"end":{"line":258,"column":8},"skip":true}]},"19":{"line":275,"type":"switch","locations":[{"start":{"line":276,"column":20},"end":{"line":277,"column":64},"skip":true},{"start":{"line":278,"column":20},"end":{"line":279,"column":40},"skip":true},{"start":{"line":280,"column":20},"end":{"line":281,"column":40},"skip":true},{"start":{"line":282,"column":20},"end":{"line":283,"column":39},"skip":true}]},"20":{"line":288,"type":"if","locations":[{"start":{"line":288,"column":8},"end":{"line":288,"column":8},"skip":true},{"start":{"line":288,"column":8},"end":{"line":288,"column":8},"skip":true}]},"21":{"line":288,"type":"binary-expr","locations":[{"start":{"line":288,"column":12},"end":{"line":288,"column":40},"skip":true},{"start":{"line":288,"column":44},"end":{"line":288,"column":67},"skip":true}]},"22":{"line":292,"type":"binary-expr","locations":[{"start":{"line":292,"column":12},"end":{"line":292,"column":50},"skip":true},{"start":{"line":293,"column":12},"end":{"line":293,"column":53},"skip":true}]},"23":{"line":297,"type":"binary-expr","locations":[{"start":{"line":297,"column":12},"end":{"line":297,"column":64},"skip":true},{"start":{"line":298,"column":12},"end":{"line":301,"column":36},"skip":true}]},"24":{"line":303,"type":"binary-expr","locations":[{"start":{"line":303,"column":43},"end":{"line":303,"column":75},"skip":true},{"start":{"line":303,"column":79},"end":{"line":303,"column":81},"skip":true}]},"25":{"line":306,"type":"if","locations":[{"start":{"line":306,"column":8},"end":{"line":306,"column":8},"skip":true},{"start":{"line":306,"column":8},"end":{"line":306,"column":8},"skip":true}]},"26":{"line":310,"type":"if","locations":[{"start":{"line":310,"column":8},"end":{"line":310,"column":8},"skip":true},{"start":{"line":310,"column":8},"end":{"line":310,"column":8},"skip":true}]},"27":{"line":313,"type":"binary-expr","locations":[{"start":{"line":313,"column":27},"end":{"line":313,"column":43},"skip":true},{"start":{"line":313,"column":47},"end":{"line":313,"column":53},"skip":true}]},"28":{"line":317,"type":"if","locations":[{"start":{"line":317,"column":12},"end":{"line":317,"column":12},"skip":true},{"start":{"line":317,"column":12},"end":{"line":317,"column":12},"skip":true}]}},"code":["/*","example.js","","quickstart example","","instruction","    1. save this script as example.js","    2. run the shell command:","        $ npm install npmtest-bunyan && PORT=8081 node example.js","    3. play with the browser-demo on http://127.0.0.1:8081","*/","","","","/* istanbul instrument in package npmtest_bunyan */","/*jslint","    bitwise: true,","    browser: true,","    maxerr: 8,","    maxlen: 96,","    node: true,","    nomen: true,","    regexp: true,","    stupid: true","*/","(function () {","    'use strict';","    var local;","","","","    // run shared js-env code - init-before","    (function () {","        // init local","        local = {};","        // init modeJs","        local.modeJs = (function () {","            try {","                return typeof navigator.userAgent === 'string' &&","                    typeof document.querySelector('body') === 'object' &&","                    typeof XMLHttpRequest.prototype.open === 'function' &&","                    'browser';","            } catch (errorCaughtBrowser) {","                return module.exports &&","                    typeof process.versions.node === 'string' &&","                    typeof require('http').createServer === 'function' &&","                    'node';","            }","        }());","        // init global","        local.global = local.modeJs === 'browser'","            ? window","            : global;","        // init utility2_rollup","        local = local.global.utility2_rollup || (local.modeJs === 'browser'","            ? local.global.utility2_npmtest_bunyan","            : global.utility2_moduleExports);","        // export local","        local.global.local = local;","    }());","    switch (local.modeJs) {","","","","    // init-after","    // run browser js-env code - init-after","    /* istanbul ignore next */","    case 'browser':","        local.testRunBrowser = function (event) {","            if (!event || (event &&","                    event.currentTarget &&","                    event.currentTarget.className &&","                    event.currentTarget.className.includes &&","                    event.currentTarget.className.includes('onreset'))) {","                // reset output","                Array.from(","                    document.querySelectorAll('body > .resettable')","                ).forEach(function (element) {","                    switch (element.tagName) {","                    case 'INPUT':","                    case 'TEXTAREA':","                        element.value = '';","                        break;","                    default:","                        element.textContent = '';","                    }","                });","            }","            switch (event && event.currentTarget && event.currentTarget.id) {","            case 'testRunButton1':","                // show tests","                if (document.querySelector('#testReportDiv1').style.display === 'none') {","                    document.querySelector('#testReportDiv1').style.display = 'block';","                    document.querySelector('#testRunButton1').textContent =","                        'hide internal test';","                    local.modeTest = true;","                    local.testRunDefault(local);","                // hide tests","                } else {","                    document.querySelector('#testReportDiv1').style.display = 'none';","                    document.querySelector('#testRunButton1').textContent = 'run internal test';","                }","                break;","            // custom-case","            default:","                break;","            }","            if (document.querySelector('#inputTextareaEval1') && (!event || (event &&","                    event.currentTarget &&","                    event.currentTarget.className &&","                    event.currentTarget.className.includes &&","                    event.currentTarget.className.includes('oneval')))) {","                // try to eval input-code","                try {","                    /*jslint evil: true*/","                    eval(document.querySelector('#inputTextareaEval1').value);","                } catch (errorCaught) {","                    console.error(errorCaught);","                }","            }","        };","        // log stderr and stdout to #outputTextareaStdout1","        ['error', 'log'].forEach(function (key) {","            console[key + '_original'] = console[key];","            console[key] = function () {","                var element;","                console[key + '_original'].apply(console, arguments);","                element = document.querySelector('#outputTextareaStdout1');","                if (!element) {","                    return;","                }","                // append text to #outputTextareaStdout1","                element.value += Array.from(arguments).map(function (arg) {","                    return typeof arg === 'string'","                        ? arg","                        : JSON.stringify(arg, null, 4);","                }).join(' ') + '\\n';","                // scroll textarea to bottom","                element.scrollTop = element.scrollHeight;","            };","        });","        // init event-handling","        ['change', 'click', 'keyup'].forEach(function (event) {","            Array.from(document.querySelectorAll('.on' + event)).forEach(function (element) {","                element.addEventListener(event, local.testRunBrowser);","            });","        });","        // run tests","        local.testRunBrowser();","        break;","","","","    // run node js-env code - init-after","    /* istanbul ignore next */","    case 'node':","        // export local","        module.exports = local;","        // require modules","        local.fs = require('fs');","        local.http = require('http');","        local.url = require('url');","        // init assets","        local.assetsDict = local.assetsDict || {};","        /* jslint-ignore-begin */","        local.assetsDict['/assets.index.template.html'] = '\\","<!doctype html>\\n\\","<html lang=\"en\">\\n\\","<head>\\n\\","<meta charset=\"UTF-8\">\\n\\","<meta name=\"viewport\" content=\"width=device-width, initial-scale=1\">\\n\\","<title>{{env.npm_package_name}} (v{{env.npm_package_version}})</title>\\n\\","<style>\\n\\","/*csslint\\n\\","    box-sizing: false,\\n\\","    universal-selector: false\\n\\","*/\\n\\","* {\\n\\","    box-sizing: border-box;\\n\\","}\\n\\","body {\\n\\","    background: #dde;\\n\\","    font-family: Arial, Helvetica, sans-serif;\\n\\","    margin: 2rem;\\n\\","}\\n\\","body > * {\\n\\","    margin-bottom: 1rem;\\n\\","}\\n\\",".utility2FooterDiv {\\n\\","    margin-top: 20px;\\n\\","    text-align: center;\\n\\","}\\n\\","</style>\\n\\","<style>\\n\\","/*csslint\\n\\","*/\\n\\","textarea {\\n\\","    font-family: monospace;\\n\\","    height: 10rem;\\n\\","    width: 100%;\\n\\","}\\n\\","textarea[readonly] {\\n\\","    background: #ddd;\\n\\","}\\n\\","</style>\\n\\","</head>\\n\\","<body>\\n\\","<!-- utility2-comment\\n\\","<div id=\"ajaxProgressDiv1\" style=\"background: #d00; height: 2px; left: 0; margin: 0; padding: 0; position: fixed; top: 0; transition: background 0.5s, width 1.5s; width: 25%;\"></div>\\n\\","utility2-comment -->\\n\\","<h1>\\n\\","<!-- utility2-comment\\n\\","    <a\\n\\","        {{#if env.npm_package_homepage}}\\n\\","        href=\"{{env.npm_package_homepage}}\"\\n\\","        {{/if env.npm_package_homepage}}\\n\\","        target=\"_blank\"\\n\\","    >\\n\\","utility2-comment -->\\n\\","        {{env.npm_package_name}} (v{{env.npm_package_version}})\\n\\","<!-- utility2-comment\\n\\","    </a>\\n\\","utility2-comment -->\\n\\","</h1>\\n\\","<h3>{{env.npm_package_description}}</h3>\\n\\","<!-- utility2-comment\\n\\","<h4><a download href=\"assets.app.js\">download standalone app</a></h4>\\n\\","<button class=\"onclick onreset\" id=\"testRunButton1\">run internal test</button><br>\\n\\","<div id=\"testReportDiv1\" style=\"display: none;\"></div>\\n\\","utility2-comment -->\\n\\","\\n\\","\\n\\","\\n\\","<label>stderr and stdout</label>\\n\\","<textarea class=\"resettable\" id=\"outputTextareaStdout1\" readonly></textarea>\\n\\","<!-- utility2-comment\\n\\","{{#if isRollup}}\\n\\","<script src=\"assets.app.js\"></script>\\n\\","{{#unless isRollup}}\\n\\","utility2-comment -->\\n\\","<script src=\"assets.utility2.rollup.js\"></script>\\n\\","<script src=\"jsonp.utility2._stateInit?callback=window.utility2._stateInit\"></script>\\n\\","<script src=\"assets.npmtest_bunyan.rollup.js\"></script>\\n\\","<script src=\"assets.example.js\"></script>\\n\\","<script src=\"assets.test.js\"></script>\\n\\","<!-- utility2-comment\\n\\","{{/if isRollup}}\\n\\","utility2-comment -->\\n\\","<div class=\"utility2FooterDiv\">\\n\\","    [ this app was created with\\n\\","    <a href=\"https://github.com/kaizhu256/node-utility2\" target=\"_blank\">utility2</a>\\n\\","    ]\\n\\","</div>\\n\\","</body>\\n\\","</html>\\n\\","';","        /* jslint-ignore-end */","        if (local.templateRender) {","            local.assetsDict['/'] = local.templateRender(","                local.assetsDict['/assets.index.template.html'],","                {","                    env: local.objectSetDefault(local.env, {","                        npm_package_description: 'the greatest app in the world!',","                        npm_package_name: 'my-app',","                        npm_package_nameAlias: 'my_app',","                        npm_package_version: '0.0.1'","                    })","                }","            );","        } else {","            local.assetsDict['/'] = local.assetsDict['/assets.index.template.html']","                .replace((/\\{\\{env\\.(\\w+?)\\}\\}/g), function (match0, match1) {","                    // jslint-hack","                    String(match0);","                    switch (match1) {","                    case 'npm_package_description':","                        return 'the greatest app in the world!';","                    case 'npm_package_name':","                        return 'my-app';","                    case 'npm_package_nameAlias':","                        return 'my_app';","                    case 'npm_package_version':","                        return '0.0.1';","                    }","                });","        }","        // run the cli","        if (local.global.utility2_rollup || module !== require.main) {","            break;","        }","        local.assetsDict['/assets.example.js'] =","            local.assetsDict['/assets.example.js'] ||","            local.fs.readFileSync(__filename, 'utf8');","        // bug-workaround - long $npm_package_buildCustomOrg","        /* jslint-ignore-begin */","        local.assetsDict['/assets.npmtest_bunyan.rollup.js'] =","            local.assetsDict['/assets.npmtest_bunyan.rollup.js'] ||","            local.fs.readFileSync(","                local.npmtest_bunyan.__dirname + '/lib.npmtest_bunyan.js',","                'utf8'","            ).replace((/^#!/), '//');","        /* jslint-ignore-end */","        local.assetsDict['/favicon.ico'] = local.assetsDict['/favicon.ico'] || '';","        // if $npm_config_timeout_exit exists,","        // then exit this process after $npm_config_timeout_exit ms","        if (Number(process.env.npm_config_timeout_exit)) {","            setTimeout(process.exit, Number(process.env.npm_config_timeout_exit));","        }","        // start server","        if (local.global.utility2_serverHttp1) {","            break;","        }","        process.env.PORT = process.env.PORT || '8081';","        console.error('server starting on port ' + process.env.PORT);","        local.http.createServer(function (request, response) {","            request.urlParsed = local.url.parse(request.url);","            if (local.assetsDict[request.urlParsed.pathname] !== undefined) {","                response.end(local.assetsDict[request.urlParsed.pathname]);","                return;","            }","            response.statusCode = 404;","            response.end();","        }).listen(process.env.PORT);","        break;","    }","}());",""],"l":{"26":2,"28":2,"33":2,"35":2,"37":2,"38":2,"39":2,"44":1,"51":2,"55":2,"59":2,"61":2,"69":1,"70":2,"76":2,"79":2,"82":2,"83":2,"85":1,"89":2,"92":1,"93":1,"94":1,"96":1,"97":1,"100":1,"101":1,"103":1,"106":1,"108":2,"114":1,"116":1,"118":1,"123":1,"124":2,"125":2,"126":3,"127":3,"128":3,"129":3,"130":1,"133":3,"134":3,"139":3,"143":1,"144":3,"145":1,"149":1,"150":1,"158":1,"160":1,"161":1,"162":1,"164":1,"166":1,"258":1,"259":1,"271":1,"274":6,"275":6,"277":1,"279":2,"281":1,"283":2,"288":1,"289":1,"291":1,"296":1,"303":1,"306":1,"307":1,"310":1,"311":1,"313":1,"314":1,"315":1,"316":1,"317":1,"318":1,"319":1,"321":1,"322":1,"324":1}},"/home/travis/build/npmtest/node-npmtest-bunyan/node_modules/bunyan/lib/bunyan.js":{"path":"/home/travis/build/npmtest/node-npmtest-bunyan/node_modules/bunyan/lib/bunyan.js","s":{"1":1,"2":1,"3":1,"4":0,"5":0,"6":1,"7":1,"8":1,"9":1,"10":0,"11":1,"12":1,"13":1,"14":0,"15":1,"16":0,"17":1,"18":1,"19":0,"20":0,"21":0,"22":0,"23":1,"24":1,"25":1,"26":1,"27":0,"28":1,"29":1,"30":1,"31":1,"32":1,"33":1,"34":0,"35":1,"36":0,"37":1,"38":1,"39":0,"40":1,"41":1,"42":1,"43":1,"44":0,"45":0,"46":0,"47":0,"48":0,"49":0,"50":0,"51":0,"52":0,"53":0,"54":1,"55":1,"56":0,"57":0,"58":0,"59":0,"60":0,"61":0,"62":0,"63":0,"64":0,"65":0,"66":0,"67":0,"68":0,"69":0,"70":0,"71":0,"72":0,"73":0,"74":0,"75":0,"76":0,"77":0,"78":0,"79":0,"80":0,"81":1,"82":0,"83":0,"84":0,"85":0,"86":0,"87":0,"88":0,"89":0,"90":0,"91":0,"92":0,"93":0,"94":0,"95":0,"96":0,"97":0,"98":0,"99":0,"100":0,"101":0,"102":1,"103":0,"104":0,"105":0,"106":0,"107":1,"108":0,"109":0,"110":0,"111":0,"112":0,"113":0,"114":1,"115":0,"116":1,"117":1,"118":1,"119":0,"120":0,"121":0,"122":0,"123":0,"124":0,"125":0,"126":1,"127":1,"128":1,"129":1,"130":1,"131":1,"132":1,"133":1,"134":1,"135":6,"136":1,"137":1,"138":1,"139":0,"140":0,"141":0,"142":0,"143":0,"144":0,"145":0,"146":0,"147":0,"148":0,"149":0,"150":0,"151":1,"152":0,"153":0,"154":0,"155":1,"156":0,"157":0,"158":0,"159":0,"160":0,"161":0,"162":0,"163":0,"164":0,"165":0,"166":0,"167":0,"168":0,"169":0,"170":0,"171":0,"172":0,"173":0,"174":0,"175":0,"176":0,"177":0,"178":0,"179":0,"180":0,"181":0,"182":0,"183":0,"184":0,"185":0,"186":0,"187":0,"188":0,"189":0,"190":0,"191":0,"192":0,"193":0,"194":0,"195":0,"196":0,"197":0,"198":0,"199":0,"200":0,"201":0,"202":0,"203":0,"204":0,"205":0,"206":0,"207":0,"208":0,"209":0,"210":0,"211":0,"212":0,"213":0,"214":0,"215":0,"216":0,"217":0,"218":0,"219":0,"220":0,"221":0,"222":0,"223":0,"224":0,"225":0,"226":0,"227":0,"228":0,"229":0,"230":0,"231":0,"232":0,"233":0,"234":0,"235":0,"236":0,"237":0,"238":0,"239":0,"240":0,"241":0,"242":0,"243":0,"244":0,"245":0,"246":0,"247":0,"248":0,"249":0,"250":1,"251":1,"252":0,"253":0,"254":0,"255":0,"256":0,"257":0,"258":0,"259":0,"260":0,"261":0,"262":0,"263":0,"264":0,"265":0,"266":0,"267":0,"268":0,"269":0,"270":0,"271":0,"272":0,"273":0,"274":0,"275":0,"276":0,"277":0,"278":0,"279":0,"280":0,"281":0,"282":0,"283":0,"284":0,"285":0,"286":0,"287":0,"288":0,"289":0,"290":0,"291":0,"292":0,"293":0,"294":0,"295":0,"296":0,"297":1,"298":0,"299":0,"300":0,"301":0,"302":0,"303":0,"304":0,"305":0,"306":1,"307":0,"308":1,"309":0,"310":0,"311":0,"312":0,"313":0,"314":0,"315":0,"316":0,"317":0,"318":0,"319":1,"320":0,"321":0,"322":0,"323":0,"324":0,"325":0,"326":0,"327":1,"328":0,"329":0,"330":0,"331":0,"332":0,"333":0,"334":0,"335":0,"336":0,"337":0,"338":0,"339":0,"340":0,"341":0,"342":0,"343":0,"344":0,"345":0,"346":0,"347":0,"348":0,"349":0,"350":0,"351":1,"352":0,"353":0,"354":0,"355":0,"356":0,"357":0,"358":0,"359":0,"360":0,"361":0,"362":1,"363":0,"364":0,"365":0,"366":0,"367":0,"368":0,"369":0,"370":0,"371":0,"372":0,"373":0,"374":0,"375":0,"376":0,"377":0,"378":0,"379":0,"380":0,"381":0,"382":1,"383":0,"384":0,"385":0,"386":0,"387":0,"388":0,"389":0,"390":0,"391":0,"392":0,"393":0,"394":0,"395":0,"396":0,"397":0,"398":0,"399":0,"400":0,"401":0,"402":0,"403":0,"404":0,"405":0,"406":0,"407":0,"408":0,"409":0,"410":0,"411":0,"412":0,"413":0,"414":0,"415":0,"416":1,"417":0,"418":1,"419":6,"420":0,"421":0,"422":0,"423":0,"424":0,"425":0,"426":0,"427":0,"428":0,"429":0,"430":0,"431":0,"432":0,"433":0,"434":0,"435":0,"436":0,"437":0,"438":0,"439":1,"440":1,"441":1,"442":1,"443":1,"444":1,"445":1,"446":1,"447":0,"448":0,"449":0,"450":1,"451":0,"452":0,"453":0,"454":1,"455":0,"456":0,"457":0,"458":0,"459":0,"460":0,"461":1,"462":0,"463":0,"464":0,"465":0,"466":1,"467":0,"468":0,"469":0,"470":0,"471":0,"472":0,"473":0,"474":0,"475":1,"476":0,"477":0,"478":0,"479":0,"480":0,"481":0,"482":0,"483":0,"484":1,"485":1,"486":0,"487":0,"488":0,"489":0,"490":0,"491":0,"492":0,"493":0,"494":0,"495":1,"496":1,"497":1,"498":0,"499":0,"500":0,"501":0,"502":0,"503":0,"504":0,"505":0,"506":0,"507":0,"508":0,"509":0,"510":0,"511":0,"512":0,"513":0,"514":0,"515":0,"516":0,"517":0,"518":0,"519":0,"520":0,"521":0,"522":0,"523":0,"524":0,"525":0,"526":0,"527":1,"528":1,"529":0,"530":0,"531":0,"532":0,"533":0,"534":0,"535":0,"536":1,"537":0,"538":0,"539":1,"540":0,"541":0,"542":0,"543":0,"544":0,"545":0,"546":0,"547":0,"548":0,"549":0,"550":1,"551":0,"552":0,"553":0,"554":0,"555":0,"556":0,"557":0,"558":0,"559":0,"560":0,"561":0,"562":0,"563":0,"564":0,"565":0,"566":0,"567":0,"568":0,"569":0,"570":0,"571":0,"572":0,"573":0,"574":0,"575":0,"576":0,"577":0,"578":0,"579":0,"580":0,"581":0,"582":0,"583":0,"584":0,"585":0,"586":0,"587":0,"588":0,"589":0,"590":0,"591":0,"592":1,"593":0,"594":0,"595":0,"596":0,"597":0,"598":0,"599":0,"600":0,"601":1,"602":0,"603":0,"604":0,"605":0,"606":0,"607":0,"608":0,"609":1,"610":0,"611":0,"612":0,"613":0,"614":0,"615":0,"616":0,"617":0,"618":0,"619":0,"620":0,"621":0,"622":0,"623":0,"624":0,"625":0,"626":1,"627":0,"628":0,"629":0,"630":0,"631":0,"632":0,"633":0,"634":0,"635":0,"636":0,"637":0,"638":1,"639":0,"640":0,"641":0,"642":0,"643":1,"644":0,"645":1,"646":0,"647":1,"648":0,"649":1,"650":0,"651":0,"652":0,"653":0,"654":1,"655":1,"656":0,"657":0,"658":0,"659":0,"660":0,"661":0,"662":1,"663":0,"664":0,"665":0,"666":1,"667":0,"668":0,"669":1,"670":0,"671":1,"672":1,"673":1,"674":1,"675":1,"676":1,"677":1,"678":1,"679":1,"680":1,"681":1,"682":1,"683":1,"684":0,"685":1,"686":1,"687":1},"b":{"1":[1,0],"2":[1,1],"3":[0,1],"4":[1,0],"5":[0,1],"6":[1,0,0],"7":[0,1],"8":[0,1],"9":[0,1],"10":[0,0],"11":[0,0],"12":[0,0],"13":[0,1],"14":[0,0],"15":[0,0],"16":[0,0,0,0,0],"17":[0,0],"18":[0,0],"19":[0,0],"20":[0,0],"21":[0,0],"22":[0,0],"23":[0,0],"24":[0,0],"25":[0,0],"26":[0,0],"27":[0,0],"28":[1,1],"29":[0,0],"30":[0,0],"31":[0,0],"32":[0,0],"33":[0,0],"34":[0,0],"35":[0,0],"36":[0,0],"37":[0,0],"38":[0,0],"39":[0,0],"40":[0,0],"41":[0,0],"42":[0,0],"43":[0,0],"44":[0,0],"45":[0,0],"46":[0,0],"47":[0,0,0],"48":[0,0],"49":[0,0],"50":[0,0],"51":[0,0],"52":[0,0],"53":[0,0],"54":[0,0],"55":[0,0],"56":[0,0],"57":[0,0],"58":[0,0],"59":[0,0],"60":[0,0],"61":[0,0],"62":[0,0],"63":[0,0],"64":[0,0],"65":[0,0],"66":[0,0],"67":[0,0],"68":[0,0],"69":[0,0],"70":[0,0],"71":[0,0],"72":[0,0],"73":[0,0,0,0,0],"74":[0,0],"75":[0,0],"76":[0,0],"77":[0,0],"78":[0,0],"79":[0,0],"80":[0,0],"81":[0,0],"82":[0,0],"83":[0,0],"84":[0,0],"85":[0,0],"86":[0,0],"87":[0,0],"88":[0,0],"89":[0,0],"90":[0,0],"91":[0,0],"92":[0,0],"93":[0,0],"94":[0,0],"95":[0,0],"96":[0,0],"97":[0,0,0],"98":[0,0],"99":[0,0],"100":[0,0],"101":[0,0],"102":[0,0],"103":[0,0],"104":[0,0],"105":[0,0],"106":[0,0],"107":[0,0],"108":[0,0],"109":[0,0],"110":[0,0],"111":[0,0],"112":[0,0],"113":[0,0],"114":[0,0,0,0],"115":[0,0],"116":[0,0],"117":[0,0],"118":[0,0],"119":[0,0],"120":[0,0],"121":[0,0],"122":[0,0],"123":[0,0],"124":[0,0],"125":[0,0],"126":[0,0],"127":[0,0],"128":[0,0],"129":[0,0],"130":[0,0],"131":[0,0],"132":[0,0],"133":[0,0],"134":[0,0],"135":[0,0],"136":[0,0],"137":[0,0],"138":[0,0],"139":[0,0],"140":[0,0],"141":[0,0],"142":[0,0],"143":[1,0],"144":[0,0],"145":[1,0],"146":[0,0],"147":[0,0],"148":[0,0],"149":[0,0],"150":[0,0],"151":[0,0],"152":[0,0],"153":[0,0],"154":[0,0],"155":[0,0],"156":[0,0],"157":[0,0,0,0,0,0,0],"158":[0,0],"159":[0,0],"160":[0,0],"161":[0,0],"162":[0,0],"163":[0,0],"164":[0,0],"165":[0,0],"166":[0,0],"167":[0,0],"168":[0,0],"169":[0,0],"170":[0,0],"171":[0,0],"172":[0,0],"173":[0,0],"174":[0,0],"175":[0,0],"176":[0,0],"177":[0,0],"178":[0,0],"179":[0,0],"180":[0,0],"181":[0,0],"182":[0,0]},"f":{"1":0,"2":0,"3":0,"4":0,"5":0,"6":0,"7":0,"8":0,"9":0,"10":0,"11":0,"12":0,"13":0,"14":0,"15":6,"16":0,"17":0,"18":0,"19":0,"20":0,"21":0,"22":0,"23":0,"24":0,"25":0,"26":0,"27":0,"28":0,"29":0,"30":0,"31":0,"32":0,"33":0,"34":0,"35":0,"36":0,"37":0,"38":6,"39":0,"40":0,"41":0,"42":0,"43":0,"44":0,"45":0,"46":0,"47":0,"48":0,"49":0,"50":0,"51":0,"52":0,"53":0,"54":0,"55":0,"56":0,"57":0,"58":0,"59":0,"60":0,"61":0,"62":0,"63":0,"64":0,"65":0,"66":0,"67":0,"68":0,"69":0,"70":0,"71":0},"fnMap":{"1":{"name":"xxx","line":21,"loc":{"start":{"line":21,"column":10},"end":{"line":21,"column":26}}},"2":{"name":"xxx","line":26,"loc":{"start":{"line":26,"column":10},"end":{"line":26,"column":25}}},"3":{"name":"(anonymous_3)","line":69,"loc":{"start":{"line":69,"column":18},"end":{"line":69,"column":30}}},"4":{"name":"objCopy","line":118,"loc":{"start":{"line":118,"column":0},"end":{"line":118,"column":22}}},"5":{"name":"(anonymous_5)","line":125,"loc":{"start":{"line":125,"column":33},"end":{"line":125,"column":46}}},"6":{"name":"format","line":140,"loc":{"start":{"line":140,"column":13},"end":{"line":140,"column":32}}},"7":{"name":"(anonymous_7)","line":152,"loc":{"start":{"line":152,"column":50},"end":{"line":152,"column":63}}},"8":{"name":"getCaller3Info","line":180,"loc":{"start":{"line":180,"column":0},"end":{"line":180,"column":26}}},"9":{"name":"(anonymous_9)","line":190,"loc":{"start":{"line":190,"column":30},"end":{"line":190,"column":50}}},"10":{"name":"_indent","line":210,"loc":{"start":{"line":210,"column":0},"end":{"line":210,"column":28}}},"11":{"name":"_warn","line":224,"loc":{"start":{"line":224,"column":0},"end":{"line":224,"column":30}}},"12":{"name":"_haveWarned","line":234,"loc":{"start":{"line":234,"column":0},"end":{"line":234,"column":31}}},"13":{"name":"ConsoleRawStream","line":240,"loc":{"start":{"line":240,"column":0},"end":{"line":240,"column":28}}},"14":{"name":"(anonymous_14)","line":241,"loc":{"start":{"line":241,"column":35},"end":{"line":241,"column":50}}},"15":{"name":"(anonymous_15)","line":272,"loc":{"start":{"line":272,"column":35},"end":{"line":272,"column":51}}},"16":{"name":"resolveLevel","line":287,"loc":{"start":{"line":287,"column":0},"end":{"line":287,"column":33}}},"17":{"name":"isWritable","line":308,"loc":{"start":{"line":308,"column":0},"end":{"line":308,"column":25}}},"18":{"name":"Logger","line":353,"loc":{"start":{"line":353,"column":0},"end":{"line":353,"column":54}}},"19":{"name":"(anonymous_19)","line":469,"loc":{"start":{"line":469,"column":32},"end":{"line":469,"column":45}}},"20":{"name":"(anonymous_20)","line":526,"loc":{"start":{"line":526,"column":32},"end":{"line":526,"column":45}}},"21":{"name":"addStream","line":551,"loc":{"start":{"line":551,"column":29},"end":{"line":551,"column":65}}},"22":{"name":"onStreamError","line":626,"loc":{"start":{"line":626,"column":29},"end":{"line":626,"column":57}}},"23":{"name":"addSerializers","line":642,"loc":{"start":{"line":642,"column":34},"end":{"line":642,"column":71}}},"24":{"name":"(anonymous_24)","line":648,"loc":{"start":{"line":648,"column":37},"end":{"line":648,"column":54}}},"25":{"name":"(anonymous_25)","line":688,"loc":{"start":{"line":688,"column":25},"end":{"line":688,"column":52}}},"26":{"name":"(anonymous_26)","line":710,"loc":{"start":{"line":710,"column":37},"end":{"line":710,"column":49}}},"27":{"name":"(anonymous_27)","line":712,"loc":{"start":{"line":712,"column":25},"end":{"line":712,"column":38}}},"28":{"name":"(anonymous_28)","line":723,"loc":{"start":{"line":723,"column":33},"end":{"line":723,"column":48}}},"29":{"name":"level","line":767,"loc":{"start":{"line":767,"column":25},"end":{"line":767,"column":47}}},"30":{"name":"levels","line":812,"loc":{"start":{"line":812,"column":26},"end":{"line":812,"column":55}}},"31":{"name":"(anonymous_31)","line":816,"loc":{"start":{"line":816,"column":12},"end":{"line":816,"column":25}}},"32":{"name":"(anonymous_32)","line":858,"loc":{"start":{"line":858,"column":37},"end":{"line":858,"column":70}}},"33":{"name":"(anonymous_33)","line":865,"loc":{"start":{"line":865,"column":42},"end":{"line":865,"column":58}}},"34":{"name":"(anonymous_34)","line":893,"loc":{"start":{"line":893,"column":25},"end":{"line":893,"column":48}}},"35":{"name":"mkRecord","line":935,"loc":{"start":{"line":935,"column":0},"end":{"line":935,"column":39}}},"36":{"name":"(anonymous_36)","line":980,"loc":{"start":{"line":980,"column":39},"end":{"line":980,"column":52}}},"37":{"name":"mkProbeArgs","line":1003,"loc":{"start":{"line":1003,"column":0},"end":{"line":1003,"column":50}}},"38":{"name":"mkLogEmitter","line":1012,"loc":{"start":{"line":1012,"column":0},"end":{"line":1012,"column":32}}},"39":{"name":"(anonymous_39)","line":1013,"loc":{"start":{"line":1013,"column":11},"end":{"line":1013,"column":23}}},"40":{"name":"(anonymous_40)","line":1090,"loc":{"start":{"line":1090,"column":28},"end":{"line":1090,"column":43}}},"41":{"name":"(anonymous_41)","line":1108,"loc":{"start":{"line":1108,"column":28},"end":{"line":1108,"column":43}}},"42":{"name":"getFullErrorStack","line":1127,"loc":{"start":{"line":1127,"column":0},"end":{"line":1128,"column":0}}},"43":{"name":"(anonymous_43)","line":1141,"loc":{"start":{"line":1141,"column":48},"end":{"line":1141,"column":63}}},"44":{"name":"safeCyclesSet","line":1156,"loc":{"start":{"line":1156,"column":0},"end":{"line":1156,"column":25}}},"45":{"name":"(anonymous_45)","line":1158,"loc":{"start":{"line":1158,"column":11},"end":{"line":1158,"column":31}}},"46":{"name":"safeCyclesArray","line":1178,"loc":{"start":{"line":1178,"column":0},"end":{"line":1178,"column":27}}},"47":{"name":"(anonymous_47)","line":1180,"loc":{"start":{"line":1180,"column":11},"end":{"line":1180,"column":31}}},"48":{"name":"fastAndSafeJsonStringify","line":1210,"loc":{"start":{"line":1210,"column":0},"end":{"line":1210,"column":39}}},"49":{"name":"RotatingFileStream","line":1238,"loc":{"start":{"line":1238,"column":21},"end":{"line":1238,"column":58}}},"50":{"name":"(anonymous_50)","line":1324,"loc":{"start":{"line":1324,"column":38},"end":{"line":1324,"column":50}}},"51":{"name":"(anonymous_51)","line":1339,"loc":{"start":{"line":1339,"column":45},"end":{"line":1339,"column":57}}},"52":{"name":"(anonymous_52)","line":1344,"loc":{"start":{"line":1344,"column":49},"end":{"line":1344,"column":61}}},"53":{"name":"(anonymous_53)","line":1354,"loc":{"start":{"line":1354,"column":8},"end":{"line":1354,"column":20}}},"54":{"name":"_calcRotTime","line":1365,"loc":{"start":{"line":1365,"column":0},"end":{"line":1365,"column":36}}},"55":{"name":"rotate","line":1454,"loc":{"start":{"line":1454,"column":38},"end":{"line":1454,"column":56}}},"56":{"name":"del","line":1472,"loc":{"start":{"line":1472,"column":4},"end":{"line":1472,"column":19}}},"57":{"name":"(anonymous_57)","line":1479,"loc":{"start":{"line":1479,"column":25},"end":{"line":1479,"column":43}}},"58":{"name":"moves","line":1485,"loc":{"start":{"line":1485,"column":4},"end":{"line":1485,"column":21}}},"59":{"name":"(anonymous_59)","line":1495,"loc":{"start":{"line":1495,"column":26},"end":{"line":1495,"column":44}}},"60":{"name":"(anonymous_60)","line":1500,"loc":{"start":{"line":1500,"column":34},"end":{"line":1500,"column":51}}},"61":{"name":"finish","line":1512,"loc":{"start":{"line":1512,"column":4},"end":{"line":1512,"column":22}}},"62":{"name":"write","line":1530,"loc":{"start":{"line":1530,"column":37},"end":{"line":1530,"column":55}}},"63":{"name":"end","line":1539,"loc":{"start":{"line":1539,"column":35},"end":{"line":1539,"column":51}}},"64":{"name":"destroy","line":1543,"loc":{"start":{"line":1543,"column":39},"end":{"line":1543,"column":59}}},"65":{"name":"destroySoon","line":1547,"loc":{"start":{"line":1547,"column":43},"end":{"line":1547,"column":67}}},"66":{"name":"RingBuffer","line":1563,"loc":{"start":{"line":1563,"column":0},"end":{"line":1563,"column":29}}},"67":{"name":"(anonymous_67)","line":1572,"loc":{"start":{"line":1572,"column":29},"end":{"line":1572,"column":47}}},"68":{"name":"(anonymous_68)","line":1584,"loc":{"start":{"line":1584,"column":27},"end":{"line":1584,"column":39}}},"69":{"name":"(anonymous_69)","line":1590,"loc":{"start":{"line":1590,"column":31},"end":{"line":1590,"column":43}}},"70":{"name":"(anonymous_70)","line":1595,"loc":{"start":{"line":1595,"column":35},"end":{"line":1595,"column":47}}},"71":{"name":"createLogger","line":1617,"loc":{"start":{"line":1617,"column":30},"end":{"line":1617,"column":61}}}},"statementMap":{"1":{"start":{"line":11,"column":0},"end":{"line":11,"column":23}},"2":{"start":{"line":18,"column":0},"end":{"line":18,"column":20}},"3":{"start":{"line":21,"column":0},"end":{"line":25,"column":2}},"4":{"start":{"line":22,"column":4},"end":{"line":23,"column":50}},"5":{"start":{"line":24,"column":4},"end":{"line":24,"column":36}},"6":{"start":{"line":26,"column":0},"end":{"line":26,"column":28}},"7":{"start":{"line":49,"column":0},"end":{"line":49,"column":15}},"8":{"start":{"line":50,"column":0},"end":{"line":56,"column":1}},"9":{"start":{"line":51,"column":4},"end":{"line":55,"column":5}},"10":{"start":{"line":52,"column":8},"end":{"line":52,"column":26}},"11":{"start":{"line":53,"column":11},"end":{"line":55,"column":5}},"12":{"start":{"line":54,"column":8},"end":{"line":54,"column":28}},"13":{"start":{"line":57,"column":0},"end":{"line":60,"column":1}},"14":{"start":{"line":59,"column":4},"end":{"line":59,"column":27}},"15":{"start":{"line":61,"column":0},"end":{"line":63,"column":1}},"16":{"start":{"line":62,"column":4},"end":{"line":62,"column":51}},"17":{"start":{"line":66,"column":0},"end":{"line":66,"column":19}},"18":{"start":{"line":67,"column":0},"end":{"line":83,"column":1}},"19":{"start":{"line":68,"column":4},"end":{"line":72,"column":6}},"20":{"start":{"line":70,"column":12},"end":{"line":70,"column":40}},"21":{"start":{"line":73,"column":4},"end":{"line":73,"column":12}},"22":{"start":{"line":74,"column":4},"end":{"line":74,"column":18}},"23":{"start":{"line":76,"column":4},"end":{"line":76,"column":23}},"24":{"start":{"line":77,"column":4},"end":{"line":77,"column":23}},"25":{"start":{"line":78,"column":4},"end":{"line":82,"column":5}},"26":{"start":{"line":79,"column":8},"end":{"line":79,"column":49}},"27":{"start":{"line":81,"column":8},"end":{"line":81,"column":22}},"28":{"start":{"line":84,"column":0},"end":{"line":84,"column":27}},"29":{"start":{"line":85,"column":0},"end":{"line":85,"column":31}},"30":{"start":{"line":86,"column":0},"end":{"line":86,"column":50}},"31":{"start":{"line":87,"column":0},"end":{"line":87,"column":31}},"32":{"start":{"line":89,"column":0},"end":{"line":93,"column":1}},"33":{"start":{"line":90,"column":4},"end":{"line":90,"column":59}},"34":{"start":{"line":92,"column":4},"end":{"line":92,"column":29}},"35":{"start":{"line":94,"column":0},"end":{"line":96,"column":1}},"36":{"start":{"line":95,"column":4},"end":{"line":95,"column":29}},"37":{"start":{"line":99,"column":0},"end":{"line":103,"column":1}},"38":{"start":{"line":100,"column":4},"end":{"line":100,"column":32}},"39":{"start":{"line":102,"column":4},"end":{"line":102,"column":14}},"40":{"start":{"line":105,"column":0},"end":{"line":109,"column":1}},"41":{"start":{"line":106,"column":4},"end":{"line":106,"column":62}},"42":{"start":{"line":108,"column":4},"end":{"line":108,"column":28}},"43":{"start":{"line":118,"column":0},"end":{"line":132,"column":1}},"44":{"start":{"line":119,"column":4},"end":{"line":131,"column":5}},"45":{"start":{"line":120,"column":8},"end":{"line":120,"column":19}},"46":{"start":{"line":121,"column":11},"end":{"line":131,"column":5}},"47":{"start":{"line":122,"column":8},"end":{"line":122,"column":27}},"48":{"start":{"line":123,"column":11},"end":{"line":131,"column":5}},"49":{"start":{"line":124,"column":8},"end":{"line":124,"column":22}},"50":{"start":{"line":125,"column":8},"end":{"line":127,"column":11}},"51":{"start":{"line":126,"column":12},"end":{"line":126,"column":29}},"52":{"start":{"line":128,"column":8},"end":{"line":128,"column":20}},"53":{"start":{"line":130,"column":8},"end":{"line":130,"column":19}},"54":{"start":{"line":134,"column":0},"end":{"line":134,"column":25}},"55":{"start":{"line":135,"column":0},"end":{"line":173,"column":1}},"56":{"start":{"line":138,"column":4},"end":{"line":138,"column":31}},"57":{"start":{"line":139,"column":4},"end":{"line":139,"column":34}},"58":{"start":{"line":140,"column":4},"end":{"line":172,"column":6}},"59":{"start":{"line":141,"column":8},"end":{"line":147,"column":9}},"60":{"start":{"line":142,"column":12},"end":{"line":142,"column":29}},"61":{"start":{"line":143,"column":12},"end":{"line":145,"column":13}},"62":{"start":{"line":144,"column":16},"end":{"line":144,"column":52}},"63":{"start":{"line":146,"column":12},"end":{"line":146,"column":37}},"64":{"start":{"line":149,"column":8},"end":{"line":149,"column":18}},"65":{"start":{"line":150,"column":8},"end":{"line":150,"column":29}},"66":{"start":{"line":151,"column":8},"end":{"line":151,"column":30}},"67":{"start":{"line":152,"column":8},"end":{"line":163,"column":11}},"68":{"start":{"line":153,"column":12},"end":{"line":154,"column":25}},"69":{"start":{"line":154,"column":16},"end":{"line":154,"column":25}},"70":{"start":{"line":155,"column":12},"end":{"line":162,"column":13}},"71":{"start":{"line":156,"column":27},"end":{"line":156,"column":52}},"72":{"start":{"line":157,"column":27},"end":{"line":157,"column":52}},"73":{"start":{"line":158,"column":27},"end":{"line":158,"column":70}},"74":{"start":{"line":159,"column":27},"end":{"line":159,"column":38}},"75":{"start":{"line":161,"column":20},"end":{"line":161,"column":29}},"76":{"start":{"line":164,"column":8},"end":{"line":170,"column":9}},"77":{"start":{"line":165,"column":12},"end":{"line":169,"column":13}},"78":{"start":{"line":166,"column":16},"end":{"line":166,"column":31}},"79":{"start":{"line":168,"column":16},"end":{"line":168,"column":40}},"80":{"start":{"line":171,"column":8},"end":{"line":171,"column":19}},"81":{"start":{"line":180,"column":0},"end":{"line":207,"column":1}},"82":{"start":{"line":181,"column":4},"end":{"line":184,"column":5}},"83":{"start":{"line":183,"column":8},"end":{"line":183,"column":15}},"84":{"start":{"line":185,"column":4},"end":{"line":185,"column":17}},"85":{"start":{"line":186,"column":4},"end":{"line":186,"column":42}},"86":{"start":{"line":187,"column":4},"end":{"line":187,"column":46}},"87":{"start":{"line":188,"column":4},"end":{"line":188,"column":30}},"88":{"start":{"line":190,"column":4},"end":{"line":200,"column":6}},"89":{"start":{"line":191,"column":8},"end":{"line":191,"column":30}},"90":{"start":{"line":192,"column":8},"end":{"line":194,"column":9}},"91":{"start":{"line":193,"column":12},"end":{"line":193,"column":59}},"92":{"start":{"line":195,"column":8},"end":{"line":195,"column":40}},"93":{"start":{"line":196,"column":8},"end":{"line":196,"column":42}},"94":{"start":{"line":197,"column":8},"end":{"line":197,"column":44}},"95":{"start":{"line":198,"column":8},"end":{"line":199,"column":28}},"96":{"start":{"line":199,"column":12},"end":{"line":199,"column":28}},"97":{"start":{"line":201,"column":4},"end":{"line":201,"column":50}},"98":{"start":{"line":202,"column":4},"end":{"line":202,"column":15}},"99":{"start":{"line":204,"column":4},"end":{"line":204,"column":38}},"100":{"start":{"line":205,"column":4},"end":{"line":205,"column":42}},"101":{"start":{"line":206,"column":4},"end":{"line":206,"column":15}},"102":{"start":{"line":210,"column":0},"end":{"line":214,"column":1}},"103":{"start":{"line":211,"column":4},"end":{"line":211,"column":33}},"104":{"start":{"line":211,"column":17},"end":{"line":211,"column":33}},"105":{"start":{"line":212,"column":4},"end":{"line":212,"column":34}},"106":{"start":{"line":213,"column":4},"end":{"line":213,"column":46}},"107":{"start":{"line":224,"column":0},"end":{"line":233,"column":1}},"108":{"start":{"line":225,"column":4},"end":{"line":225,"column":19}},"109":{"start":{"line":226,"column":4},"end":{"line":231,"column":5}},"110":{"start":{"line":227,"column":8},"end":{"line":229,"column":9}},"111":{"start":{"line":228,"column":12},"end":{"line":228,"column":19}},"112":{"start":{"line":230,"column":8},"end":{"line":230,"column":33}},"113":{"start":{"line":232,"column":4},"end":{"line":232,"column":37}},"114":{"start":{"line":234,"column":0},"end":{"line":236,"column":1}},"115":{"start":{"line":235,"column":4},"end":{"line":235,"column":29}},"116":{"start":{"line":237,"column":0},"end":{"line":237,"column":17}},"117":{"start":{"line":240,"column":0},"end":{"line":240,"column":30}},"118":{"start":{"line":241,"column":0},"end":{"line":251,"column":2}},"119":{"start":{"line":242,"column":4},"end":{"line":250,"column":5}},"120":{"start":{"line":243,"column":8},"end":{"line":243,"column":25}},"121":{"start":{"line":244,"column":11},"end":{"line":250,"column":5}},"122":{"start":{"line":245,"column":8},"end":{"line":245,"column":26}},"123":{"start":{"line":246,"column":11},"end":{"line":250,"column":5}},"124":{"start":{"line":247,"column":8},"end":{"line":247,"column":26}},"125":{"start":{"line":249,"column":8},"end":{"line":249,"column":27}},"126":{"start":{"line":256,"column":0},"end":{"line":256,"column":15}},"127":{"start":{"line":257,"column":0},"end":{"line":257,"column":15}},"128":{"start":{"line":258,"column":0},"end":{"line":258,"column":14}},"129":{"start":{"line":259,"column":0},"end":{"line":259,"column":14}},"130":{"start":{"line":260,"column":0},"end":{"line":260,"column":15}},"131":{"start":{"line":261,"column":0},"end":{"line":261,"column":15}},"132":{"start":{"line":263,"column":0},"end":{"line":270,"column":2}},"133":{"start":{"line":271,"column":0},"end":{"line":271,"column":23}},"134":{"start":{"line":272,"column":0},"end":{"line":274,"column":3}},"135":{"start":{"line":273,"column":4},"end":{"line":273,"column":46}},"136":{"start":{"line":277,"column":0},"end":{"line":277,"column":20}},"137":{"start":{"line":278,"column":0},"end":{"line":278,"column":26}},"138":{"start":{"line":287,"column":0},"end":{"line":305,"column":1}},"139":{"start":{"line":288,"column":4},"end":{"line":288,"column":14}},"140":{"start":{"line":289,"column":4},"end":{"line":289,"column":34}},"141":{"start":{"line":290,"column":4},"end":{"line":303,"column":5}},"142":{"start":{"line":291,"column":8},"end":{"line":291,"column":55}},"143":{"start":{"line":292,"column":8},"end":{"line":294,"column":9}},"144":{"start":{"line":293,"column":12},"end":{"line":293,"column":75}},"145":{"start":{"line":295,"column":11},"end":{"line":303,"column":5}},"146":{"start":{"line":296,"column":8},"end":{"line":297,"column":30}},"147":{"start":{"line":298,"column":11},"end":{"line":303,"column":5}},"148":{"start":{"line":299,"column":8},"end":{"line":300,"column":24}},"149":{"start":{"line":302,"column":8},"end":{"line":302,"column":26}},"150":{"start":{"line":304,"column":4},"end":{"line":304,"column":17}},"151":{"start":{"line":308,"column":0},"end":{"line":313,"column":1}},"152":{"start":{"line":309,"column":4},"end":{"line":311,"column":5}},"153":{"start":{"line":310,"column":8},"end":{"line":310,"column":20}},"154":{"start":{"line":312,"column":4},"end":{"line":312,"column":45}},"155":{"start":{"line":353,"column":0},"end":{"line":529,"column":1}},"156":{"start":{"line":354,"column":4},"end":{"line":354,"column":33}},"157":{"start":{"line":355,"column":4},"end":{"line":357,"column":5}},"158":{"start":{"line":356,"column":8},"end":{"line":356,"column":50}},"159":{"start":{"line":360,"column":4},"end":{"line":360,"column":15}},"160":{"start":{"line":361,"column":4},"end":{"line":368,"column":5}},"161":{"start":{"line":362,"column":8},"end":{"line":362,"column":25}},"162":{"start":{"line":363,"column":8},"end":{"line":363,"column":32}},"163":{"start":{"line":364,"column":8},"end":{"line":367,"column":9}},"164":{"start":{"line":365,"column":12},"end":{"line":366,"column":69}},"165":{"start":{"line":369,"column":4},"end":{"line":371,"column":5}},"166":{"start":{"line":370,"column":8},"end":{"line":370,"column":60}},"167":{"start":{"line":372,"column":4},"end":{"line":381,"column":5}},"168":{"start":{"line":373,"column":8},"end":{"line":375,"column":9}},"169":{"start":{"line":374,"column":12},"end":{"line":374,"column":69}},"170":{"start":{"line":377,"column":8},"end":{"line":380,"column":9}},"171":{"start":{"line":378,"column":12},"end":{"line":379,"column":70}},"172":{"start":{"line":382,"column":4},"end":{"line":384,"column":5}},"173":{"start":{"line":383,"column":8},"end":{"line":383,"column":73}},"174":{"start":{"line":385,"column":4},"end":{"line":387,"column":5}},"175":{"start":{"line":386,"column":8},"end":{"line":386,"column":72}},"176":{"start":{"line":388,"column":4},"end":{"line":391,"column":5}},"177":{"start":{"line":390,"column":8},"end":{"line":390,"column":77}},"178":{"start":{"line":393,"column":4},"end":{"line":393,"column":28}},"179":{"start":{"line":396,"column":4},"end":{"line":417,"column":5}},"180":{"start":{"line":399,"column":8},"end":{"line":399,"column":35}},"181":{"start":{"line":401,"column":8},"end":{"line":401,"column":36}},"182":{"start":{"line":402,"column":8},"end":{"line":402,"column":38}},"183":{"start":{"line":403,"column":8},"end":{"line":403,"column":46}},"184":{"start":{"line":404,"column":8},"end":{"line":404,"column":30}},"185":{"start":{"line":405,"column":8},"end":{"line":405,"column":38}},"186":{"start":{"line":406,"column":8},"end":{"line":406,"column":58}},"187":{"start":{"line":407,"column":8},"end":{"line":410,"column":9}},"188":{"start":{"line":408,"column":12},"end":{"line":408,"column":43}},"189":{"start":{"line":409,"column":12},"end":{"line":409,"column":47}},"190":{"start":{"line":411,"column":8},"end":{"line":411,"column":41}},"191":{"start":{"line":412,"column":8},"end":{"line":415,"column":9}},"192":{"start":{"line":413,"column":12},"end":{"line":413,"column":32}},"193":{"start":{"line":414,"column":12},"end":{"line":414,"column":41}},"194":{"start":{"line":416,"column":8},"end":{"line":416,"column":15}},"195":{"start":{"line":420,"column":4},"end":{"line":420,"column":20}},"196":{"start":{"line":421,"column":4},"end":{"line":441,"column":5}},"197":{"start":{"line":422,"column":8},"end":{"line":422,"column":36}},"198":{"start":{"line":423,"co
[...]
 * A JSON stringifier that handles cycles safely."," *"," * Usage: JSON.stringify(obj, safeCycles())"," *"," * Choose the best safe cycle function from what is available - see"," * trentm/node-bunyan#445."," */","var safeCycles = typeof (Set) !== 'undefined' ? safeCyclesSet : safeCyclesArray;","","/**"," * A fast JSON.stringify that handles cycles and getter exceptions (when"," * safeJsonStringify is installed)."," *"," * This function attempts to use the regular JSON.stringify for speed, but on"," * error (e.g. JSON cycle detection exception) it falls back to safe stringify"," * handlers that can deal with cycles and/or getter exceptions."," */","function fastAndSafeJsonStringify(rec) {","    try {","        return JSON.stringify(rec);","    } catch (ex) {","        try {","            return JSON.stringify(rec, safeCycles());","        } catch (e) {","            if (safeJsonStringify) {","                return safeJsonStringify(rec);","            } else {","                var dedupKey = e.stack.split(/\\n/g, 3).join('\\n');","                _warn('bunyan: ERROR: Exception in '","                    + '`JSON.stringify(rec)`. You can install the '","                    + '\"safe-json-stringify\" module to have Bunyan fallback '","                    + 'to safer stringification. Record:\\n'","                    + _indent(format('%s\\n%s', util.inspect(rec), e.stack)),","                    dedupKey);","                return format('(Exception in JSON.stringify(rec): %j. '","                    + 'See stderr for details.)', e.message);","            }","        }","    }","}","","","var RotatingFileStream = null;","if (mv) {","","RotatingFileStream = function RotatingFileStream(options) {","    this.path = options.path;","","    this.count = (options.count == null ? 10 : options.count);","    assert.equal(typeof (this.count), 'number',","        format('rotating-file stream \"count\" is not a number: %j (%s) in %j',","            this.count, typeof (this.count), this));","    assert.ok(this.count >= 0,","        format('rotating-file stream \"count\" is not >= 0: %j in %j',","            this.count, this));","","    // Parse `options.period`.","    if (options.period) {","        // <number><scope> where scope is:","        //    h   hours (at the start of the hour)","        //    d   days (at the start of the day, i.e. just after midnight)","        //    w   weeks (at the start of Sunday)","        //    m   months (on the first of the month)","        //    y   years (at the start of Jan 1st)","        // with special values 'hourly' (1h), 'daily' (1d), \"weekly\" (1w),","        // 'monthly' (1m) and 'yearly' (1y)","        var period = {","            'hourly': '1h',","            'daily': '1d',","            'weekly': '1w',","            'monthly': '1m',","            'yearly': '1y'","        }[options.period] || options.period;","        var m = /^([1-9][0-9]*)([hdwmy]|ms)$/.exec(period);","        if (!m) {","            throw new Error(format('invalid period: \"%s\"', options.period));","        }","        this.periodNum = Number(m[1]);","        this.periodScope = m[2];","    } else {","        this.periodNum = 1;","        this.periodScope = 'd';","    }","","    var lastModified = null;","    try {","        var fileInfo = fs.statSync(this.path);","        lastModified = fileInfo.mtime.getTime();","    }","    catch (err) {","        // file doesn't exist","    }","    var rotateAfterOpen = false;","    if (lastModified) {","        var lastRotTime = this._calcRotTime(0);","        if (lastModified < lastRotTime) {","            rotateAfterOpen = true;","        }","    }","","    // TODO: template support for backup files","    // template: <path to which to rotate>","    //      default is %P.%n","    //      '/var/log/archive/foo.log'  -> foo.log.%n","    //      '/var/log/archive/foo.log.%n'","    //      codes:","    //          XXX support strftime codes (per node version of those)","    //              or whatever module. Pick non-colliding for extra","    //              codes","    //          %P      `path` base value","    //          %n      integer number of rotated log (1,2,3,...)","    //          %d      datetime in YYYY-MM-DD_HH-MM-SS","    //                      XXX what should default date format be?","    //                          prior art? Want to avoid ':' in","    //                          filenames (illegal on Windows for one).","","    this.stream = fs.createWriteStream(this.path,","        {flags: 'a', encoding: 'utf8'});","","    this.rotQueue = [];","    this.rotating = false;","    if (rotateAfterOpen) {","        this._debug('rotateAfterOpen -> call rotate()');","        this.rotate();","    } else {","        this._setupNextRot();","    }","}","","util.inherits(RotatingFileStream, EventEmitter);","","RotatingFileStream.prototype._debug = function () {","    // Set this to `true` to add debug logging.","    if (false) {","        if (arguments.length === 0) {","            return true;","        }","        var args = Array.prototype.slice.call(arguments);","        args[0] = '[' + (new Date().toISOString()) + ', '","            + this.path + '] ' + args[0];","        console.log.apply(this, args);","    } else {","        return false;","    }","};","","RotatingFileStream.prototype._setupNextRot = function () {","    this.rotAt = this._calcRotTime(1);","    this._setRotationTimer();","}","","RotatingFileStream.prototype._setRotationTimer = function () {","    var self = this;","    var delay = this.rotAt - Date.now();","    // Cap timeout to Node's max setTimeout, see","    // <https://github.com/joyent/node/issues/8656>.","    var TIMEOUT_MAX = 2147483647; // 2^31-1","    if (delay > TIMEOUT_MAX) {","        delay = TIMEOUT_MAX;","    }","    this.timeout = setTimeout(","        function () {","            self._debug('_setRotationTimer timeout -> call rotate()');","            self.rotate();","        },","        delay);","    if (typeof (this.timeout.unref) === 'function') {","        this.timeout.unref();","    }","}","","RotatingFileStream.prototype._calcRotTime =","function _calcRotTime(periodOffset) {","    this._debug('_calcRotTime: %s%s', this.periodNum, this.periodScope);","    var d = new Date();","","    this._debug('  now local: %s', d);","    this._debug('    now utc: %s', d.toISOString());","    var rotAt;","    switch (this.periodScope) {","    case 'ms':","        // Hidden millisecond period for debugging.","        if (this.rotAt) {","            rotAt = this.rotAt + this.periodNum * periodOffset;","        } else {","            rotAt = Date.now() + this.periodNum * periodOffset;","        }","        break;","    case 'h':","        if (this.rotAt) {","            rotAt = this.rotAt + this.periodNum * 60 * 60 * 1000 * periodOffset;","        } else {","            // First time: top of the next hour.","            rotAt = Date.UTC(d.getUTCFullYear(), d.getUTCMonth(),","                d.getUTCDate(), d.getUTCHours() + periodOffset);","        }","        break;","    case 'd':","        if (this.rotAt) {","            rotAt = this.rotAt + this.periodNum * 24 * 60 * 60 * 1000","                * periodOffset;","        } else {","            // First time: start of tomorrow (i.e. at the coming midnight) UTC.","            rotAt = Date.UTC(d.getUTCFullYear(), d.getUTCMonth(),","                d.getUTCDate() + periodOffset);","        }","        break;","    case 'w':","        // Currently, always on Sunday morning at 00:00:00 (UTC).","        if (this.rotAt) {","            rotAt = this.rotAt + this.periodNum * 7 * 24 * 60 * 60 * 1000","                * periodOffset;","        } else {","            // First time: this coming Sunday.","            var dayOffset = (7 - d.getUTCDay());","            if (periodOffset < 1) {","                dayOffset = -d.getUTCDay();","            }","            if (periodOffset > 1 || periodOffset < -1) {","                dayOffset += 7 * periodOffset;","            }","            rotAt = Date.UTC(d.getUTCFullYear(), d.getUTCMonth(),","                d.getUTCDate() + dayOffset);","        }","        break;","    case 'm':","        if (this.rotAt) {","            rotAt = Date.UTC(d.getUTCFullYear(),","                d.getUTCMonth() + this.periodNum * periodOffset, 1);","        } else {","            // First time: the start of the next month.","            rotAt = Date.UTC(d.getUTCFullYear(),","                d.getUTCMonth() + periodOffset, 1);","        }","        break;","    case 'y':","        if (this.rotAt) {","            rotAt = Date.UTC(d.getUTCFullYear() + this.periodNum * periodOffset,","                0, 1);","        } else {","            // First time: the start of the next year.","            rotAt = Date.UTC(d.getUTCFullYear() + periodOffset, 0, 1);","        }","        break;","    default:","        assert.fail(format('invalid period scope: \"%s\"', this.periodScope));","    }","","    if (this._debug()) {","        this._debug('  **rotAt**: %s (utc: %s)', rotAt,","            new Date(rotAt).toUTCString());","        var now = Date.now();","        this._debug('        now: %s (%sms == %smin == %sh to go)',","            now,","            rotAt - now,","            (rotAt-now)/1000/60,","            (rotAt-now)/1000/60/60);","    }","    return rotAt;","};","","RotatingFileStream.prototype.rotate = function rotate() {","    // XXX What about shutdown?","    var self = this;","","    // If rotation period is > ~25 days, we have to break into multiple","    // setTimeout's. See <https://github.com/joyent/node/issues/8656>.","    if (self.rotAt && self.rotAt > Date.now()) {","        return self._setRotationTimer();","    }","","    this._debug('rotate');","    if (self.rotating) {","        throw new TypeError('cannot start a rotation when already rotating');","    }","    self.rotating = true;","","    self.stream.end();  // XXX can do moves sync after this? test at high rate","","    function del() {","        var toDel = self.path + '.' + String(n - 1);","        if (n === 0) {","            toDel = self.path;","        }","        n -= 1;","        self._debug('  rm %s', toDel);","        fs.unlink(toDel, function (delErr) {","            //XXX handle err other than not exists","            moves();","        });","    }","","    function moves() {","        if (self.count === 0 || n < 0) {","            return finish();","        }","        var before = self.path;","        var after = self.path + '.' + String(n);","        if (n > 0) {","            before += '.' + String(n - 1);","        }","        n -= 1;","        fs.exists(before, function (exists) {","            if (!exists) {","                moves();","            } else {","                self._debug('  mv %s %s', before, after);","                mv(before, after, function (mvErr) {","                    if (mvErr) {","                        self.emit('error', mvErr);","                        finish(); // XXX finish here?","                    } else {","                        moves();","                    }","                });","            }","        })","    }","","    function finish() {","        self._debug('  open %s', self.path);","        self.stream = fs.createWriteStream(self.path,","            {flags: 'a', encoding: 'utf8'});","        var q = self.rotQueue, len = q.length;","        for (var i = 0; i < len; i++) {","            self.stream.write(q[i]);","        }","        self.rotQueue = [];","        self.rotating = false;","        self.emit('drain');","        self._setupNextRot();","    }","","    var n = this.count;","    del();","};","","RotatingFileStream.prototype.write = function write(s) {","    if (this.rotating) {","        this.rotQueue.push(s);","        return false;","    } else {","        return this.stream.write(s);","    }","};","","RotatingFileStream.prototype.end = function end(s) {","    this.stream.end();","};","","RotatingFileStream.prototype.destroy = function destroy(s) {","    this.stream.destroy();","};","","RotatingFileStream.prototype.destroySoon = function destroySoon(s) {","    this.stream.destroySoon();","};","","} /* if (mv) */","","","","/**"," * RingBuffer is a Writable Stream that just stores the last N records in"," * memory."," *"," * @param options {Object}, with the following fields:"," *"," *    - limit: number of records to keep in memory"," */","function RingBuffer(options) {","    this.limit = options && options.limit ? options.limit : 100;","    this.writable = true;","    this.records = [];","    EventEmitter.call(this);","}","","util.inherits(RingBuffer, EventEmitter);","","RingBuffer.prototype.write = function (record) {","    if (!this.writable)","        throw (new Error('RingBuffer has been ended already'));","","    this.records.push(record);","","    if (this.records.length > this.limit)","        this.records.shift();","","    return (true);","};","","RingBuffer.prototype.end = function () {","    if (arguments.length > 0)","        this.write.apply(this, Array.prototype.slice.call(arguments));","    this.writable = false;","};","","RingBuffer.prototype.destroy = function () {","    this.writable = false;","    this.emit('close');","};","","RingBuffer.prototype.destroySoon = function () {","    this.destroy();","};","","","//---- Exports","","module.exports = Logger;","","module.exports.TRACE = TRACE;","module.exports.DEBUG = DEBUG;","module.exports.INFO = INFO;","module.exports.WARN = WARN;","module.exports.ERROR = ERROR;","module.exports.FATAL = FATAL;","module.exports.resolveLevel = resolveLevel;","module.exports.levelFromName = levelFromName;","module.exports.nameFromLevel = nameFromLevel;","","module.exports.VERSION = VERSION;","module.exports.LOG_VERSION = LOG_VERSION;","","module.exports.createLogger = function createLogger(options) {","    return new Logger(options);","};","","module.exports.RingBuffer = RingBuffer;","module.exports.RotatingFileStream = RotatingFileStream;","","// Useful for custom `type == 'raw'` streams that may do JSON stringification","// of log records themselves. Usage:","//    var str = JSON.stringify(rec, bunyan.safeCycles());","module.exports.safeCycles = safeCycles;",""],"l":{"11":1,"18":1,"21":1,"22":0,"24":0,"26":1,"49":1,"50":1,"51":1,"52":0,"53":1,"54":1,"57":1,"59":0,"61":1,"62":0,"66":1,"67":1,"68":0,"70":0,"73":0,"74":0,"76":1,"77":1,"78":1,"79":1,"81":0,"84":1,"85":1,"86":1,"87":1,"89":1,"90":1,"92":0,"94":1,"95":0,"99":1,"100":1,"102":0,"105":1,"106":1,"108":1,"118":1,"119":0,"120":0,"121":0,"122":0,"123":0,"124":0,"125":0,"126":0,"128":0,"130":0,"134":1,"135":1,"138":0,"139":0,"140":0,"141":0,"142":0,"143":0,"144":0,"146":0,"149":0,"150":0,"151":0,"152":0,"153":0,"154":0,"155":0,"156":0,"157":0,"158":0,"159":0,"161":0,"164":0,"165":0,"166":0,"168":0,"171":0,"180":1,"181":0,"183":0,"185":0,"186":0,"187":0,"188":0,"190":0,"191":0,"192":0,"193":0,"195":0,"196":0,"197":0,"198":0,"199":0,"201":0,"202":0,"204":0,"205":0,"206":0,"210":1,"211":0,"212":0,"213":0,"224":1,"225":0,"226":0,"227":0,"228":0,"230":0,"232":0,"234":1,"235":0,"237":1,"240":1,"241":1,"242":0,"243":0,"244":0,"245":0,"246":0,"247":0,"249":0,"256":1,"257":1,"258":1,"259":1,"260":1,"261":1,"263":1,"271":1,"272":1,"273":6,"277":1,"278":1,"287":1,"288":0,"289":0,"290":0,"291":0,"292":0,"293":0,"295":0,"296":0,"298":0,"299":0,"302":0,"304":0,"308":1,"309":0,"310":0,"312":0,"353":1,"354":0,"355":0,"356":0,"360":0,"361":0,"362":0,"363":0,"364":0,"365":0,"369":0,"370":0,"372":0,"373":0,"374":0,"377":0,"378":0,"382":0,"383":0,"385":0,"386":0,"388":0,"390":0,"393":0,"396":0,"399":0,"401":0,"402":0,"403":0,"404":0,"405":0,"406":0,"407":0,"408":0,"409":0,"411":0,"412":0,"413":0,"414":0,"416":0,"420":0,"421":0,"422":0,"423":0,"424":0,"425":0,"426":0,"427":0,"429":0,"430":0,"431":0,"432":0,"433":0,"436":0,"437":0,"438":0,"439":0,"440":0,"443":0,"444":0,"446":0,"447":0,"449":0,"453":0,"456":0,"461":0,"462":0,"468":0,"469":0,"470":0,"472":0,"473":0,"474":0,"475":0,"483":0,"490":0,"498":0,"499":0,"501":0,"502":0,"504":0,"511":0,"512":0,"513":0,"514":0,"515":0,"516":0,"517":0,"518":0,"520":0,"521":0,"523":0,"524":0,"526":0,"527":0,"531":1,"551":1,"552":0,"553":0,"554":0,"557":0,"560":0,"561":0,"562":0,"563":0,"564":0,"567":0,"569":0,"570":0,"572":0,"574":0,"575":0,"578":0,"580":0,"583":0,"584":0,"586":0,"588":0,"589":0,"591":0,"592":0,"594":0,"595":0,"598":0,"599":0,"602":0,"604":0,"606":0,"607":0,"609":0,"610":0,"611":0,"613":0,"615":0,"616":0,"618":0,"620":0,"623":0,"626":0,"627":0,"631":0,"632":0,"642":1,"643":0,"645":0,"646":0,"648":0,"649":0,"650":0,"651":0,"655":0,"688":1,"689":0,"710":1,"711":0,"712":0,"713":0,"714":0,"717":0,"718":0,"719":0,"721":0,"723":0,"724":0,"767":1,"768":0,"769":0,"771":0,"772":0,"773":0,"774":0,"776":0,"812":1,"813":0,"814":0,"815":0,"816":0,"818":0,"819":0,"820":0,"821":0,"822":0,"825":0,"826":0,"827":0,"828":0,"829":0,"830":0,"833":0,"834":0,"837":0,"838":0,"840":0,"841":0,"842":0,"843":0,"858":1,"859":0,"861":0,"865":0,"866":0,"869":0,"871":0,"872":0,"873":0,"875":0,"879":0,"893":1,"894":0,"898":0,"899":0,"900":0,"901":0,"902":0,"903":0,"909":0,"910":0,"911":0,"914":0,"915":0,"917":0,"918":0,"919":0,"920":0,"921":0,"923":0,"927":0,"935":1,"936":0,"937":0,"939":0,"945":0,"946":0,"947":0,"949":0,"951":0,"953":0,"954":0,"955":0,"958":0,"959":0,"960":0,"962":0,"963":0,"966":0,"968":0,"973":0,"974":0,"975":0,"976":0,"977":0,"978":0,"980":0,"981":0,"984":0,"985":0,"986":0,"989":0,"990":0,"992":0,"994":0,"1003":1,"1004":0,"1012":1,"1013":6,"1014":0,"1015":0,"1016":0,"1018":0,"1025":0,"1026":0,"1027":0,"1028":0,"1033":0,"1034":0,"1035":0,"1038":0,"1039":0,"1040":0,"1043":0,"1044":0,"1045":0,"1048":0,"1049":0,"1073":1,"1074":1,"1075":1,"1076":1,"1077":1,"1078":1,"1087":1,"1090":1,"1091":0,"1092":0,"1093":0,"1108":1,"1109":0,"1110":0,"1111":0,"1127":1,"1129":0,"1130":0,"1131":0,"1132":0,"1133":0,"1136":0,"1141":1,"1142":0,"1143":0,"1144":0,"1151":0,"1156":1,"1157":0,"1158":0,"1159":0,"1160":0,"1162":0,"1163":0,"1165":0,"1166":0,"1178":1,"1179":0,"1180":0,"1181":0,"1182":0,"1184":0,"1185":0,"1187":0,"1188":0,"1200":1,"1210":1,"1211":0,"1212":0,"1214":0,"1215":0,"1217":0,"1218":0,"1220":0,"1221":0,"1227":0,"1235":1,"1236":1,"1238":1,"1239":0,"1241":0,"1242":0,"1245":0,"1250":0,"1259":0,"1266":0,"1267":0,"1268":0,"1270":0,"1271":0,"1273":0,"1274":0,"1277":0,"1278":0,"1279":0,"1280":0,"1285":0,"1286":0,"1287":0,"1288":0,"1289":0,"1309":0,"1312":0,"1313":0,"1314":0,"1315":0,"1316":0,"1318":0,"1322":1,"1324":1,"1326":0,"1327":0,"1328":0,"1330":0,"1331":0,"1333":0,"1335":0,"1339":1,"1340":0,"1341":0,"1344":1,"1345":0,"1346":0,"1349":0,"1350":0,"1351":0,"1353":0,"1355":0,"1356":0,"1359":0,"1360":0,"1364":1,"1366":0,"1367":0,"1369":0,"1370":0,"1371":0,"1372":0,"1375":0,"1376":0,"1378":0,"1380":0,"1382":0,"1383":0,"1386":0,"1389":0,"1391":0,"1392":0,"1396":0,"1399":0,"1402":0,"1403":0,"1407":0,"1408":0,"1409":0,"1411":0,"1412":0,"1414":0,"1417":0,"1419":0,"1420":0,"1424":0,"1427":0,"1429":0,"1430":0,"1434":0,"1436":0,"1438":0,"1441":0,"1442":0,"1444":0,"1445":0,"1451":0,"1454":1,"1456":0,"1460":0,"1461":0,"1464":0,"1465":0,"1466":0,"1468":0,"1470":0,"1472":1,"1473":0,"1474":0,"1475":0,"1477":0,"1478":0,"1479":0,"1481":0,"1485":1,"1486":0,"1487":0,"1489":0,"1490":0,"1491":0,"1492":0,"1494":0,"1495":0,"1496":0,"1497":0,"1499":0,"1500":0,"1501":0,"1502":0,"1503":0,"1505":0,"1512":1,"1513":0,"1514":0,"1516":0,"1517":0,"1518":0,"1520":0,"1521":0,"1522":0,"1523":0,"1526":0,"1527":0,"1530":1,"1531":0,"1532":0,"1533":0,"1535":0,"1539":1,"1540":0,"1543":1,"1544":0,"1547":1,"1548":0,"1563":1,"1564":0,"1565":0,"1566":0,"1567":0,"1570":1,"1572":1,"1573":0,"1574":0,"1576":0,"1578":0,"1579":0,"1581":0,"1584":1,"1585":0,"1586":0,"1587":0,"1590":1,"1591":0,"1592":0,"1595":1,"1596":0,"1602":1,"1604":1,"1605":1,"1606":1,"1607":1,"1608":1,"1609":1,"1610":1,"1611":1,"1612":1,"1614":1,"1615":1,"1617":1,"1618":0,"1621":1,"1622":1,"1627":1}}}